09:23:06 **** Build of configuration Debug for project eda_siete ****
make all 
Building file: ../main.cpp
Invoking: GCC C++ Compiler
g++ -O0 -g3 -Wall -c -fmessage-length=0 -MMD -MP -MF"main.d" -MT"main.d" -o "main.o" "../main.cpp"
../main.cpp:15:9: error: ‘Arbol’ does not name a type
make: *** [main.o] Error 1
09:23:24 **** Incremental Build of configuration Debug for project eda_siete ****
make all 
Building file: ../main.cpp
Invoking: GCC C++ Compiler
g++ -O0 -g3 -Wall -c -fmessage-length=0 -MMD -MP -MF"main.d" -MT"main.d" -o "main.o" "../main.cpp"
Finished building: ../main.cpp
 
Building target: eda_siete
Invoking: GCC C++ Linker
g++  -o "eda_siete"  ./main.o   
Finished building target: eda_siete
 
09:28:45 **** Incremental Build of configuration Debug for project eda_siete ****
make all 
Building file: ../main.cpp
Invoking: GCC C++ Compiler
g++ -O0 -g3 -Wall -c -fmessage-length=0 -MMD -MP -MF"main.d" -MT"main.d" -o "main.o" "../main.cpp"
../main.cpp:17:15: error: non-member function ‘tArbin lee()’ cannot have cv-qualifier
../main.cpp:24:38: error: non-member function ‘tArbin sumar(tArbin&, tArbin&)’ cannot have cv-qualifier
../main.cpp: In function ‘int main()’:
../main.cpp:39:7: error: missing template arguments before ‘a’
../main.cpp:39:7: error: expected ‘;’ before ‘a’
../main.cpp:40:7: error: missing template arguments before ‘b’
../main.cpp:40:7: error: expected ‘;’ before ‘b’
../main.cpp:41:7: error: missing template arguments before ‘c’
../main.cpp:41:7: error: expected ‘;’ before ‘c’
../main.cpp:42:1: error: ‘a’ was not declared in this scope
../main.cpp:43:1: error: ‘b’ was not declared in this scope
../main.cpp:44:1: error: ‘c’ was not declared in this scope
make: *** [main.o] Error 1
09:30:01 **** Incremental Build of configuration Debug for project eda_siete ****
make all 
Building file: ../main.cpp
Invoking: GCC C++ Compiler
g++ -O0 -g3 -Wall -c -fmessage-length=0 -MMD -MP -MF"main.d" -MT"main.d" -o "main.o" "../main.cpp"
../main.cpp: In function ‘int main()’:
../main.cpp:39:7: error: missing template arguments before ‘a’
../main.cpp:39:7: error: expected ‘;’ before ‘a’
../main.cpp:40:7: error: missing template arguments before ‘b’
../main.cpp:40:7: error: expected ‘;’ before ‘b’
../main.cpp:41:7: error: missing template arguments before ‘c’
../main.cpp:41:7: error: expected ‘;’ before ‘c’
../main.cpp:42:1: error: ‘a’ was not declared in this scope
../main.cpp:43:1: error: ‘b’ was not declared in this scope
../main.cpp:44:1: error: ‘c’ was not declared in this scope
make: *** [main.o] Error 1
09:30:27 **** Incremental Build of configuration Debug for project eda_siete ****
make all 
Building file: ../main.cpp
Invoking: GCC C++ Compiler
g++ -O0 -g3 -Wall -c -fmessage-length=0 -MMD -MP -MF"main.d" -MT"main.d" -o "main.o" "../main.cpp"
../main.cpp: In function ‘int main()’:
../main.cpp:40:7: error: missing template arguments before ‘a’
../main.cpp:40:7: error: expected ‘;’ before ‘a’
../main.cpp:41:7: error: missing template arguments before ‘b’
../main.cpp:41:7: error: expected ‘;’ before ‘b’
../main.cpp:42:7: error: missing template arguments before ‘c’
../main.cpp:42:7: error: expected ‘;’ before ‘c’
../main.cpp:43:1: error: ‘a’ was not declared in this scope
../main.cpp:44:1: error: ‘b’ was not declared in this scope
../main.cpp:45:1: error: ‘c’ was not declared in this scope
make: *** [main.o] Error 1
09:30:38 **** Incremental Build of configuration Debug for project eda_siete ****
make all 
Building file: ../main.cpp
Invoking: GCC C++ Compiler
g++ -O0 -g3 -Wall -c -fmessage-length=0 -MMD -MP -MF"main.d" -MT"main.d" -o "main.o" "../main.cpp"
../main.cpp: In function ‘int main()’:
../main.cpp:41:7: error: missing template arguments before ‘a’
../main.cpp:41:7: error: expected ‘;’ before ‘a’
../main.cpp:42:7: error: missing template arguments before ‘b’
../main.cpp:42:7: error: expected ‘;’ before ‘b’
../main.cpp:43:7: error: missing template arguments before ‘c’
../main.cpp:43:7: error: expected ‘;’ before ‘c’
../main.cpp:44:1: error: ‘a’ was not declared in this scope
../main.cpp:45:1: error: ‘b’ was not declared in this scope
../main.cpp:46:1: error: ‘c’ was not declared in this scope
make: *** [main.o] Error 1
09:31:10 **** Incremental Build of configuration Debug for project eda_siete ****
make all 
Building file: ../main.cpp
Invoking: GCC C++ Compiler
g++ -O0 -g3 -Wall -c -fmessage-length=0 -MMD -MP -MF"main.d" -MT"main.d" -o "main.o" "../main.cpp"
../main.cpp:18:1: error: expected initializer before ‘tArbin’
../main.cpp:25:1: error: ‘tArbin’ does not name a type
../main.cpp:33:15: error: variable or field ‘mostrar’ declared void
../main.cpp:33:15: error: ‘tArbin’ was not declared in this scope
../main.cpp:33:23: error: ‘a’ was not declared in this scope
../main.cpp: In function ‘int main()’:
../main.cpp:41:7: error: missing template arguments before ‘a’
../main.cpp:41:7: error: expected ‘;’ before ‘a’
../main.cpp:42:7: error: missing template arguments before ‘b’
../main.cpp:42:7: error: expected ‘;’ before ‘b’
../main.cpp:43:7: error: missing template arguments before ‘c’
../main.cpp:43:7: error: expected ‘;’ before ‘c’
../main.cpp:44:1: error: ‘a’ was not declared in this scope
../main.cpp:44:7: error: ‘lee’ was not declared in this scope
../main.cpp:45:1: error: ‘b’ was not declared in this scope
../main.cpp:46:1: error: ‘c’ was not declared in this scope
../main.cpp:46:12: error: ‘sumar’ was not declared in this scope
../main.cpp:47:11: error: ‘mostrar’ was not declared in this scope
make: *** [main.o] Error 1
09:31:18 **** Incremental Build of configuration Debug for project eda_siete ****
make all 
Building file: ../main.cpp
Invoking: GCC C++ Compiler
g++ -O0 -g3 -Wall -c -fmessage-length=0 -MMD -MP -MF"main.d" -MT"main.d" -o "main.o" "../main.cpp"
../main.cpp: In function ‘int main()’:
../main.cpp:41:7: error: missing template arguments before ‘a’
../main.cpp:41:7: error: expected ‘;’ before ‘a’
../main.cpp:42:7: error: missing template arguments before ‘b’
../main.cpp:42:7: error: expected ‘;’ before ‘b’
../main.cpp:43:7: error: missing template arguments before ‘c’
../main.cpp:43:7: error: expected ‘;’ before ‘c’
../main.cpp:44:1: error: ‘a’ was not declared in this scope
../main.cpp:45:1: error: ‘b’ was not declared in this scope
../main.cpp:46:1: error: ‘c’ was not declared in this scope
make: *** [main.o] Error 1
09:31:41 **** Incremental Build of configuration Debug for project eda_siete ****
make all 
Building file: ../main.cpp
Invoking: GCC C++ Compiler
g++ -O0 -g3 -Wall -c -fmessage-length=0 -MMD -MP -MF"main.d" -MT"main.d" -o "main.o" "../main.cpp"
Finished building: ../main.cpp
 
Building target: eda_siete
Invoking: GCC C++ Linker
g++  -o "eda_siete"  ./main.o   
Finished building target: eda_siete
 
09:31:53 **** Incremental Build of configuration Debug for project eda_siete ****
make all 
Building file: ../main.cpp
Invoking: GCC C++ Compiler
g++ -O0 -g3 -Wall -c -fmessage-length=0 -MMD -MP -MF"main.d" -MT"main.d" -o "main.o" "../main.cpp"
../main.cpp:18:15: error: non-member function ‘tArbin lee()’ cannot have cv-qualifier
../main.cpp:25:38: error: non-member function ‘tArbin sumar(tArbin&, tArbin&)’ cannot have cv-qualifier
make: *** [main.o] Error 1
09:32:07 **** Incremental Build of configuration Debug for project eda_siete ****
make all 
Building file: ../main.cpp
Invoking: GCC C++ Compiler
g++ -O0 -g3 -Wall -c -fmessage-length=0 -MMD -MP -MF"main.d" -MT"main.d" -o "main.o" "../main.cpp"
Finished building: ../main.cpp
 
Building target: eda_siete
Invoking: GCC C++ Linker
g++  -o "eda_siete"  ./main.o   
Finished building target: eda_siete
 
09:43:57 **** Incremental Build of configuration Debug for project eda_siete ****
make all 
Building file: ../main.cpp
Invoking: GCC C++ Compiler
g++ -O0 -g3 -Wall -c -fmessage-length=0 -MMD -MP -MF"main.d" -MT"main.d" -o "main.o" "../main.cpp"
../main.cpp: In function ‘tArbin lee()’:
../main.cpp:24:17: error: ‘tArbol’ was not declared in this scope
../main.cpp:31:1: warning: control reaches end of non-void function [-Wreturn-type]
make: *** [main.o] Error 1
09:44:16 **** Incremental Build of configuration Debug for project eda_siete ****
make all 
Building file: ../main.cpp
Invoking: GCC C++ Compiler
g++ -O0 -g3 -Wall -c -fmessage-length=0 -MMD -MP -MF"main.d" -MT"main.d" -o "main.o" "../main.cpp"
../main.cpp: In function ‘tArbin lee()’:
../main.cpp:20:1: error: ‘tArbol’ was not declared in this scope
../main.cpp:20:8: error: expected ‘;’ before ‘ret’
../main.cpp:24:10: error: ‘ret’ was not declared in this scope
../main.cpp:31:1: warning: control reaches end of non-void function [-Wreturn-type]
make: *** [main.o] Error 1
09:46:36 **** Incremental Build of configuration Debug for project eda_siete ****
make all 
Building file: ../main.cpp
Invoking: GCC C++ Compiler
g++ -O0 -g3 -Wall -c -fmessage-length=0 -MMD -MP -MF"main.d" -MT"main.d" -o "main.o" "../main.cpp"
Finished building: ../main.cpp
 
Building target: eda_siete
Invoking: GCC C++ Linker
g++  -o "eda_siete"  ./main.o   
Finished building target: eda_siete
 
09:47:28 **** Incremental Build of configuration Debug for project eda_siete ****
make all 
Building file: ../main.cpp
Invoking: GCC C++ Compiler
g++ -O0 -g3 -Wall -c -fmessage-length=0 -MMD -MP -MF"main.d" -MT"main.d" -o "main.o" "../main.cpp"
../main.cpp: In function ‘tArbin sumar(const tArbin&, const tArbin&)’:
../main.cpp:35:26: error: ‘a2’ was not declared in this scope
../main.cpp:37:9: error: ‘ret’ was not declared in this scope
../main.cpp:38:1: warning: control reaches end of non-void function [-Wreturn-type]
make: *** [main.o] Error 1
09:47:36 **** Incremental Build of configuration Debug for project eda_siete ****
make all 
Building file: ../main.cpp
Invoking: GCC C++ Compiler
g++ -O0 -g3 -Wall -c -fmessage-length=0 -MMD -MP -MF"main.d" -MT"main.d" -o "main.o" "../main.cpp"
../main.cpp: In function ‘tArbin sumar(const tArbin&, const tArbin&)’:
../main.cpp:37:9: error: ‘ret’ was not declared in this scope
../main.cpp:38:1: warning: control reaches end of non-void function [-Wreturn-type]
make: *** [main.o] Error 1
09:48:22 **** Incremental Build of configuration Debug for project eda_siete ****
make all 
Building file: ../main.cpp
Invoking: GCC C++ Compiler
g++ -O0 -g3 -Wall -c -fmessage-length=0 -MMD -MP -MF"main.d" -MT"main.d" -o "main.o" "../main.cpp"
../main.cpp: In function ‘tArbin sumar(const tArbin&, const tArbin&)’:
../main.cpp:38:1: error: ‘Arbol’ was not declared in this scope
../main.cpp:38:7: error: expected ‘;’ before ‘iz’
../main.cpp:40:1: warning: control reaches end of non-void function [-Wreturn-type]
make: *** [main.o] Error 1
09:48:30 **** Incremental Build of configuration Debug for project eda_siete ****
make all 
Building file: ../main.cpp
Invoking: GCC C++ Compiler
g++ -O0 -g3 -Wall -c -fmessage-length=0 -MMD -MP -MF"main.d" -MT"main.d" -o "main.o" "../main.cpp"
../main.cpp: In function ‘tArbin sumar(const tArbin&, const tArbin&)’:
../main.cpp:38:37: error: ‘suma’ was not declared in this scope
../main.cpp:38:8: warning: unused variable ‘iz’ [-Wunused-variable]
../main.cpp:40:1: warning: control reaches end of non-void function [-Wreturn-type]
make: *** [main.o] Error 1
09:48:56 **** Incremental Build of configuration Debug for project eda_siete ****
make all 
Building file: ../main.cpp
Invoking: GCC C++ Compiler
g++ -O0 -g3 -Wall -c -fmessage-length=0 -MMD -MP -MF"main.d" -MT"main.d" -o "main.o" "../main.cpp"
../main.cpp: In function ‘tArbin suma(const tArbin&, const tArbin&)’:
../main.cpp:40:1: warning: control reaches end of non-void function [-Wreturn-type]
Finished building: ../main.cpp
 
Building target: eda_siete
Invoking: GCC C++ Linker
g++  -o "eda_siete"  ./main.o   
Finished building target: eda_siete
 
09:50:26 **** Incremental Build of configuration Debug for project eda_siete ****
make all 
Building file: ../main.cpp
Invoking: GCC C++ Compiler
g++ -O0 -g3 -Wall -c -fmessage-length=0 -MMD -MP -MF"main.d" -MT"main.d" -o "main.o" "../main.cpp"
Finished building: ../main.cpp
 
Building target: eda_siete
Invoking: GCC C++ Linker
g++  -o "eda_siete"  ./main.o   
Finished building target: eda_siete
 
12:35:31 **** Incremental Build of configuration Debug for project eda_siete ****
make all 
Building file: ../main.cpp
Invoking: GCC C++ Compiler
g++ -O0 -g3 -Wall -c -fmessage-length=0 -MMD -MP -MF"main.d" -MT"main.d" -o "main.o" "../main.cpp"
Finished building: ../main.cpp
 
Building target: eda_siete
Invoking: GCC C++ Linker
g++  -o "eda_siete"  ./main.o   
Finished building target: eda_siete
 
12:45:18 **** Incremental Build of configuration Debug for project eda_siete ****
make all 
Building file: ../main.cpp
Invoking: GCC C++ Compiler
g++ -O0 -g3 -Wall -c -fmessage-length=0 -MMD -MP -MF"main.d" -MT"main.d" -o "main.o" "../main.cpp"
../main.cpp: In function ‘void mostrar(tArbin&)’:
../main.cpp:47:31: warning: comparison between signed and unsigned integer expressions [-Wsign-compare]
In file included from ../Arbin.h:17:0,
                 from ../main.cpp:13:
../List.h: In instantiation of ‘const T& List<T>::at(unsigned int) const [with T = int]’:
../main.cpp:48:22:   required from here
../List.h:210:16: warning: comparison between signed and unsigned integer expressions [-Wsign-compare]
Finished building: ../main.cpp
 
Building target: eda_siete
Invoking: GCC C++ Linker
g++  -o "eda_siete"  ./main.o   
Finished building target: eda_siete
 
12:45:43 **** Incremental Build of configuration Debug for project eda_siete ****
make all 
Building file: ../main.cpp
Invoking: GCC C++ Compiler
g++ -O0 -g3 -Wall -c -fmessage-length=0 -MMD -MP -MF"main.d" -MT"main.d" -o "main.o" "../main.cpp"
../main.cpp: In function ‘void mostrar(tArbin&)’:
../main.cpp:47:31: warning: comparison between signed and unsigned integer expressions [-Wsign-compare]
In file included from ../Arbin.h:17:0,
                 from ../main.cpp:13:
../List.h: In instantiation of ‘const T& List<T>::at(unsigned int) const [with T = int]’:
../main.cpp:48:22:   required from here
../List.h:210:16: warning: comparison between signed and unsigned integer expressions [-Wsign-compare]
Finished building: ../main.cpp
 
Building target: eda_siete
Invoking: GCC C++ Linker
g++  -o "eda_siete"  ./main.o   
Finished building target: eda_siete
 
12:46:19 **** Incremental Build of configuration Debug for project eda_siete ****
make all 
Building file: ../main.cpp
Invoking: GCC C++ Compiler
g++ -O0 -g3 -Wall -c -fmessage-length=0 -MMD -MP -MF"main.d" -MT"main.d" -o "main.o" "../main.cpp"
../main.cpp: In function ‘void mostrar(tArbin&)’:
../main.cpp:47:31: warning: comparison between signed and unsigned integer expressions [-Wsign-compare]
In file included from ../Arbin.h:17:0,
                 from ../main.cpp:13:
../List.h: In instantiation of ‘const T& List<T>::at(unsigned int) const [with T = int]’:
../main.cpp:48:22:   required from here
../List.h:210:16: warning: comparison between signed and unsigned integer expressions [-Wsign-compare]
Finished building: ../main.cpp
 
Building target: eda_siete
Invoking: GCC C++ Linker
g++  -o "eda_siete"  ./main.o   
Finished building target: eda_siete
 
12:47:46 **** Incremental Build of configuration Debug for project eda_siete ****
make all 
Building file: ../main.cpp
Invoking: GCC C++ Compiler
g++ -O0 -g3 -Wall -c -fmessage-length=0 -MMD -MP -MF"main.d" -MT"main.d" -o "main.o" "../main.cpp"
../main.cpp: In function ‘void mostrar(tArbin&)’:
../main.cpp:44:2: error: ‘ConstIterator’ was not declared in this scope
../main.cpp:44:16: error: expected ‘;’ before ‘unIterador’
../main.cpp:48:31: warning: comparison between signed and unsigned integer expressions [-Wsign-compare]
In file included from ../Arbin.h:17:0,
                 from ../main.cpp:13:
../List.h: In instantiation of ‘const T& List<T>::at(unsigned int) const [with T = int]’:
../main.cpp:49:22:   required from here
../List.h:210:16: warning: comparison between signed and unsigned integer expressions [-Wsign-compare]
make: *** [main.o] Error 1
12:49:31 **** Incremental Build of configuration Debug for project eda_siete ****
make all 
Building file: ../main.cpp
Invoking: GCC C++ Compiler
g++ -O0 -g3 -Wall -c -fmessage-length=0 -MMD -MP -MF"main.d" -MT"main.d" -o "main.o" "../main.cpp"
../main.cpp: In function ‘void mostrar(tArbin&)’:
../main.cpp:44:2: error: ‘ConstIterator’ was not declared in this scope
../main.cpp:44:16: error: expected ‘;’ before ‘unIterador’
../main.cpp:48:31: warning: comparison between signed and unsigned integer expressions [-Wsign-compare]
In file included from ../Arbin.h:17:0,
                 from ../main.cpp:13:
../List.h: In instantiation of ‘const T& List<T>::at(unsigned int) const [with T = int]’:
../main.cpp:49:22:   required from here
../List.h:210:16: warning: comparison between signed and unsigned integer expressions [-Wsign-compare]
make: *** [main.o] Error 1
12:49:39 **** Incremental Build of configuration Debug for project eda_siete ****
make all 
Building file: ../main.cpp
Invoking: GCC C++ Compiler
g++ -O0 -g3 -Wall -c -fmessage-length=0 -MMD -MP -MF"main.d" -MT"main.d" -o "main.o" "../main.cpp"
../main.cpp: In function ‘void mostrar(tArbin&)’:
../main.cpp:47:2: error: ‘ConstIterador’ was not declared in this scope
../main.cpp:47:16: error: expected ‘;’ before ‘unIterador’
../main.cpp:48:31: warning: comparison between signed and unsigned integer expressions [-Wsign-compare]
In file included from ../Arbin.h:17:0,
                 from ../main.cpp:13:
../List.h: In instantiation of ‘const T& List<T>::at(unsigned int) const [with T = int]’:
../main.cpp:49:22:   required from here
../List.h:210:16: warning: comparison between signed and unsigned integer expressions [-Wsign-compare]
make: *** [main.o] Error 1
17:23:00 **** Incremental Build of configuration Debug for project eda_siete ****
make all 
Building file: ../main.cpp
Invoking: GCC C++ Compiler
g++ -O0 -g3 -Wall -c -fmessage-length=0 -MMD -MP -MF"main.d" -MT"main.d" -o "main.o" "../main.cpp"
Finished building: ../main.cpp
 
Building target: eda_siete
Invoking: GCC C++ Linker
g++  -o "eda_siete"  ./main.o   
Finished building target: eda_siete
 
17:24:19 **** Incremental Build of configuration Debug for project eda_siete ****
make all 
Building file: ../main.cpp
Invoking: GCC C++ Compiler
g++ -O0 -g3 -Wall -c -fmessage-length=0 -MMD -MP -MF"main.d" -MT"main.d" -o "main.o" "../main.cpp"
Finished building: ../main.cpp
 
Building target: eda_siete
Invoking: GCC C++ Linker
g++  -o "eda_siete"  ./main.o   
Finished building target: eda_siete
 
17:24:48 **** Incremental Build of configuration Debug for project eda_siete ****
make all 
make: No se hace nada para `all'.
17:39:50 **** Incremental Build of configuration Debug for project eda_siete ****
make all 
make: No se hace nada para `all'.
17:41:33 **** Incremental Build of configuration Debug for project eda_siete ****
make all 
make: No se hace nada para `all'.
17:42:02 **** Incremental Build of configuration Debug for project eda_siete ****
make all 
make: No se hace nada para `all'.
17:46:56 **** Incremental Build of configuration Debug for project eda_siete ****
make all 
Building file: ../main.cpp
Invoking: GCC C++ Compiler
g++ -O0 -g3 -Wall -c -fmessage-length=0 -MMD -MP -MF"main.d" -MT"main.d" -o "main.o" "../main.cpp"
Finished building: ../main.cpp
 
Building target: eda_siete
Invoking: GCC C++ Linker
g++  -o "eda_siete"  ./main.o   
Finished building target: eda_siete
 
17:57:25 **** Incremental Build of configuration Debug for project eda_siete ****
make all 
Building file: ../main.cpp
Invoking: GCC C++ Compiler
g++ -O0 -g3 -Wall -c -fmessage-length=0 -MMD -MP -MF"main.d" -MT"main.d" -o "main.o" "../main.cpp"
Finished building: ../main.cpp
 
Building target: eda_siete
Invoking: GCC C++ Linker
g++  -o "eda_siete"  ./main.o   
Finished building target: eda_siete
 
17:57:30 **** Incremental Build of configuration Debug for project eda_siete ****
make all 
make: No se hace nada para `all'.
17:58:22 **** Incremental Build of configuration Debug for project eda_siete ****
make all 
make: No se hace nada para `all'.
17:59:23 **** Incremental Build of configuration Debug for project eda_siete ****
make all 
Building file: ../main.cpp
Invoking: GCC C++ Compiler
g++ -O0 -g3 -Wall -c -fmessage-length=0 -MMD -MP -MF"main.d" -MT"main.d" -o "main.o" "../main.cpp"
Finished building: ../main.cpp
 
Building target: eda_siete
Invoking: GCC C++ Linker
g++  -o "eda_siete"  ./main.o   
Finished building target: eda_siete
 
17:59:35 **** Incremental Build of configuration Debug for project eda_siete ****
make all 
make: No se hace nada para `all'.
17:59:58 **** Incremental Build of configuration Debug for project eda_siete ****
make all 
make: No se hace nada para `all'.
18:01:51 **** Incremental Build of configuration Debug for project eda_siete ****
make all 
make: No se hace nada para `all'.
18:04:44 **** Incremental Build of configuration Debug for project eda_siete ****
make all 
Building file: ../main.cpp
Invoking: GCC C++ Compiler
g++ -O0 -g3 -Wall -c -fmessage-length=0 -MMD -MP -MF"main.d" -MT"main.d" -o "main.o" "../main.cpp"
Finished building: ../main.cpp
 
Building target: eda_siete
Invoking: GCC C++ Linker
g++  -o "eda_siete"  ./main.o   
Finished building target: eda_siete
 
18:04:53 **** Incremental Build of configuration Debug for project eda_siete ****
make all 
make: No se hace nada para `all'.
18:07:05 **** Incremental Build of configuration Debug for project eda_siete ****
make all 
Building file: ../main.cpp
Invoking: GCC C++ Compiler
g++ -O0 -g3 -Wall -c -fmessage-length=0 -MMD -MP -MF"main.d" -MT"main.d" -o "main.o" "../main.cpp"
../main.cpp: In function ‘int main()’:
../main.cpp:83:7: error: expected ‘(’ before ‘mostrar’
../main.cpp:83:19: error: expected ‘)’ before ‘{’ token
make: *** [main.o] Error 1
18:07:13 **** Incremental Build of configuration Debug for project eda_siete ****
make all 
Building file: ../main.cpp
Invoking: GCC C++ Compiler
g++ -O0 -g3 -Wall -c -fmessage-length=0 -MMD -MP -MF"main.d" -MT"main.d" -o "main.o" "../main.cpp"
Finished building: ../main.cpp
 
Building target: eda_siete
Invoking: GCC C++ Linker
g++  -o "eda_siete"  ./main.o   
Finished building target: eda_siete
 
18:07:16 **** Incremental Build of configuration Debug for project eda_siete ****
make all 
make: No se hace nada para `all'.
18:08:58 **** Incremental Build of configuration Debug for project eda_siete ****
make all 
Building file: ../main.cpp
Invoking: GCC C++ Compiler
g++ -O0 -g3 -Wall -c -fmessage-length=0 -MMD -MP -MF"main.d" -MT"main.d" -o "main.o" "../main.cpp"
Finished building: ../main.cpp
 
Building target: eda_siete
Invoking: GCC C++ Linker
g++  -o "eda_siete"  ./main.o   
Finished building target: eda_siete
 
18:09:16 **** Incremental Build of configuration Debug for project eda_siete ****
make all 
Building file: ../main.cpp
Invoking: GCC C++ Compiler
g++ -O0 -g3 -Wall -c -fmessage-length=0 -MMD -MP -MF"main.d" -MT"main.d" -o "main.o" "../main.cpp"
Finished building: ../main.cpp
 
Building target: eda_siete
Invoking: GCC C++ Linker
g++  -o "eda_siete"  ./main.o   
Finished building target: eda_siete
 
18:09:19 **** Incremental Build of configuration Debug for project eda_siete ****
make all 
make: No se hace nada para `all'.
18:21:59 **** Incremental Build of configuration Debug for project eda_siete ****
make all 
Building file: ../main.cpp
Invoking: GCC C++ Compiler
g++ -O0 -g3 -Wall -c -fmessage-length=0 -MMD -MP -MF"main.d" -MT"main.d" -o "main.o" "../main.cpp"
Finished building: ../main.cpp
 
Building target: eda_siete
Invoking: GCC C++ Linker
g++  -o "eda_siete"  ./main.o   
Finished building target: eda_siete
 
18:24:43 **** Incremental Build of configuration Debug for project eda_siete ****
make all 
Building file: ../main.cpp
Invoking: GCC C++ Compiler
g++ -O0 -g3 -Wall -c -fmessage-length=0 -MMD -MP -MF"main.d" -MT"main.d" -o "main.o" "../main.cpp"
Finished building: ../main.cpp
 
Building target: eda_siete
Invoking: GCC C++ Linker
g++  -o "eda_siete"  ./main.o   
Finished building target: eda_siete
 
18:24:52 **** Incremental Build of configuration Debug for project eda_siete ****
make all 
make: No se hace nada para `all'.
19:00:45 **** Incremental Build of configuration Debug for project eda_siete ****
make all 
Building file: ../main.cpp
Invoking: GCC C++ Compiler
g++ -O0 -g3 -Wall -c -fmessage-length=0 -MMD -MP -MF"main.d" -MT"main.d" -o "main.o" "../main.cpp"
Finished building: ../main.cpp
 
Building target: eda_siete
Invoking: GCC C++ Linker
g++  -o "eda_siete"  ./main.o   
Finished building target: eda_siete
 
19:00:56 **** Incremental Build of configuration Debug for project eda_siete ****
make all 
make: No se hace nada para `all'.
19:01:02 **** Incremental Build of configuration Debug for project eda_siete ****
make all 
make: No se hace nada para `all'.
19:01:20 **** Incremental Build of configuration Debug for project eda_siete ****
make all 
Building file: ../main.cpp
Invoking: GCC C++ Compiler
g++ -O0 -g3 -Wall -c -fmessage-length=0 -MMD -MP -MF"main.d" -MT"main.d" -o "main.o" "../main.cpp"
Finished building: ../main.cpp
 
Building target: eda_siete
Invoking: GCC C++ Linker
g++  -o "eda_siete"  ./main.o   
Finished building target: eda_siete
 
19:01:24 **** Incremental Build of configuration Debug for project eda_siete ****
make all 
make: No se hace nada para `all'.
19:03:19 **** Incremental Build of configuration Debug for project eda_siete ****
make all 
Building file: ../main.cpp
Invoking: GCC C++ Compiler
g++ -O0 -g3 -Wall -c -fmessage-length=0 -MMD -MP -MF"main.d" -MT"main.d" -o "main.o" "../main.cpp"
Finished building: ../main.cpp
 
Building target: eda_siete
Invoking: GCC C++ Linker
g++  -o "eda_siete"  ./main.o   
Finished building target: eda_siete
 
19:05:06 **** Incremental Build of configuration Debug for project eda_siete ****
make all 
Building file: ../main.cpp
Invoking: GCC C++ Compiler
g++ -O0 -g3 -Wall -c -fmessage-length=0 -MMD -MP -MF"main.d" -MT"main.d" -o "main.o" "../main.cpp"
../main.cpp: In function ‘bool mostrar(const tArbin&)’:
../main.cpp:1326:3: error: expected ‘;’ before ‘return’
make: *** [main.o] Error 1
19:05:27 **** Incremental Build of configuration Debug for project eda_siete ****
make all 
Building file: ../main.cpp
Invoking: GCC C++ Compiler
g++ -O0 -g3 -Wall -c -fmessage-length=0 -MMD -MP -MF"main.d" -MT"main.d" -o "main.o" "../main.cpp"
Finished building: ../main.cpp
 
Building target: eda_siete
Invoking: GCC C++ Linker
g++  -o "eda_siete"  ./main.o   
Finished building target: eda_siete
 
19:11:23 **** Incremental Build of configuration Debug for project eda_siete ****
make all 
make: No se hace nada para `all'.
19:20:29 **** Incremental Build of configuration Debug for project eda_siete ****
make all 
Building file: ../main.cpp
Invoking: GCC C++ Compiler
g++ -O0 -g3 -Wall -c -fmessage-length=0 -MMD -MP -MF"main.d" -MT"main.d" -o "main.o" "../main.cpp"
Finished building: ../main.cpp
 
Building target: eda_siete
Invoking: GCC C++ Linker
g++  -o "eda_siete"  ./main.o   
Finished building target: eda_siete
 
19:20:35 **** Incremental Build of configuration Debug for project eda_siete ****
make all 
make: No se hace nada para `all'.
19:26:29 **** Incremental Build of configuration Debug for project eda_siete ****
make all 
Building file: ../main.cpp
Invoking: GCC C++ Compiler
g++ -O0 -g3 -Wall -c -fmessage-length=0 -MMD -MP -MF"main.d" -MT"main.d" -o "main.o" "../main.cpp"
Finished building: ../main.cpp
 
Building target: eda_siete
Invoking: GCC C++ Linker
g++  -o "eda_siete"  ./main.o   
Finished building target: eda_siete
 
19:27:19 **** Incremental Build of configuration Debug for project eda_siete ****
make all 
Building file: ../main.cpp
Invoking: GCC C++ Compiler
g++ -O0 -g3 -Wall -c -fmessage-length=0 -MMD -MP -MF"main.d" -MT"main.d" -o "main.o" "../main.cpp"
Finished building: ../main.cpp
 
Building target: eda_siete
Invoking: GCC C++ Linker
g++  -o "eda_siete"  ./main.o   
Finished building target: eda_siete
 
19:29:29 **** Incremental Build of configuration Debug for project eda_siete ****
make all 
Building file: ../main.cpp
Invoking: GCC C++ Compiler
g++ -O0 -g3 -Wall -c -fmessage-length=0 -MMD -MP -MF"main.d" -MT"main.d" -o "main.o" "../main.cpp"
Finished building: ../main.cpp
 
Building target: eda_siete
Invoking: GCC C++ Linker
g++  -o "eda_siete"  ./main.o   
Finished building target: eda_siete
 
