19:02:31 **** Build of configuration Debug for project eda7e ****
make all 
Building file: ../main.cpp
Invoking: GCC C++ Compiler
g++ -O0 -g3 -Wall -c -fmessage-length=0 -MMD -MP -MF"main.d" -MT"main.d" -o "main.o" "../main.cpp"
../main.cpp: In function ‘int main()’:
../main.cpp:17:6: warning: variable ‘error’ set but not used [-Wunused-but-set-variable]
Finished building: ../main.cpp
 
Building target: eda7e
Invoking: GCC C++ Linker
g++  -o "eda7e"  ./main.o   
Finished building target: eda7e
 
19:02:55 **** Incremental Build of configuration Debug for project eda7e ****
make all 
Building file: ../main.cpp
Invoking: GCC C++ Compiler
g++ -O0 -g3 -Wall -c -fmessage-length=0 -MMD -MP -MF"main.d" -MT"main.d" -o "main.o" "../main.cpp"
../main.cpp:6:1: error: expected ‘;’ before ‘int’
make: *** [main.o] Error 1
19:02:58 **** Incremental Build of configuration Debug for project eda7e ****
make all 
Building file: ../main.cpp
Invoking: GCC C++ Compiler
g++ -O0 -g3 -Wall -c -fmessage-length=0 -MMD -MP -MF"main.d" -MT"main.d" -o "main.o" "../main.cpp"
../main.cpp: In function ‘int main()’:
../main.cpp:17:6: warning: variable ‘error’ set but not used [-Wunused-but-set-variable]
Finished building: ../main.cpp
 
Building target: eda7e
Invoking: GCC C++ Linker
g++  -o "eda7e"  ./main.o   
Finished building target: eda7e
 
19:03:55 **** Incremental Build of configuration Debug for project eda7e ****
make all 
make: No se hace nada para `all'.
19:03:57 **** Incremental Build of configuration Debug for project eda7e ****
make all 
make: No se hace nada para `all'.
19:04:19 **** Incremental Build of configuration Debug for project eda7e ****
make all 
make: No se hace nada para `all'.
19:05:15 **** Incremental Build of configuration Debug for project eda7e ****
make all 
Building file: ../main.cpp
Invoking: GCC C++ Compiler
g++ -O0 -g3 -Wall -c -fmessage-length=0 -MMD -MP -MF"main.d" -MT"main.d" -o "main.o" "../main.cpp"
../main.cpp: In function ‘int main()’:
../main.cpp:17:6: warning: variable ‘error’ set but not used [-Wunused-but-set-variable]
Finished building: ../main.cpp
 
Building target: eda7e
Invoking: GCC C++ Linker
g++  -o "eda7e"  ./main.o   
Finished building target: eda7e
 
19:05:19 **** Incremental Build of configuration Debug for project eda7e ****
make all 
make: No se hace nada para `all'.
11:56:37 **** Incremental Build of configuration Debug for project eda7e ****
make all 
Building file: ../main.cpp
Invoking: GCC C++ Compiler
g++ -O0 -g3 -Wall -c -fmessage-length=0 -MMD -MP -MF"main.d" -MT"main.d" -o "main.o" "../main.cpp"
../main.cpp: In function ‘int main()’:
../main.cpp:17:6: warning: variable ‘error’ set but not used [-Wunused-but-set-variable]
Finished building: ../main.cpp
 
Building target: eda7e
Invoking: GCC C++ Linker
g++  -o "eda7e"  ./main.o   
Finished building target: eda7e
 
