09:23:06 **** Build of configuration Debug for project eda_siete ****
make all 
Building file: ../main.cpp
Invoking: GCC C++ Compiler
g++ -O0 -g3 -Wall -c -fmessage-length=0 -MMD -MP -MF"main.d" -MT"main.d" -o "main.o" "../main.cpp"
../main.cpp:15:9: error: ‘Arbol’ does not name a type
make: *** [main.o] Error 1
09:23:24 **** Incremental Build of configuration Debug for project eda_siete ****
make all 
Building file: ../main.cpp
Invoking: GCC C++ Compiler
g++ -O0 -g3 -Wall -c -fmessage-length=0 -MMD -MP -MF"main.d" -MT"main.d" -o "main.o" "../main.cpp"
Finished building: ../main.cpp
 
Building target: eda_siete
Invoking: GCC C++ Linker
g++  -o "eda_siete"  ./main.o   
Finished building target: eda_siete
 
09:28:45 **** Incremental Build of configuration Debug for project eda_siete ****
make all 
Building file: ../main.cpp
Invoking: GCC C++ Compiler
g++ -O0 -g3 -Wall -c -fmessage-length=0 -MMD -MP -MF"main.d" -MT"main.d" -o "main.o" "../main.cpp"
../main.cpp:17:15: error: non-member function ‘tArbin lee()’ cannot have cv-qualifier
../main.cpp:24:38: error: non-member function ‘tArbin sumar(tArbin&, tArbin&)’ cannot have cv-qualifier
../main.cpp: In function ‘int main()’:
../main.cpp:39:7: error: missing template arguments before ‘a’
../main.cpp:39:7: error: expected ‘;’ before ‘a’
../main.cpp:40:7: error: missing template arguments before ‘b’
../main.cpp:40:7: error: expected ‘;’ before ‘b’
../main.cpp:41:7: error: missing template arguments before ‘c’
../main.cpp:41:7: error: expected ‘;’ before ‘c’
../main.cpp:42:1: error: ‘a’ was not declared in this scope
../main.cpp:43:1: error: ‘b’ was not declared in this scope
../main.cpp:44:1: error: ‘c’ was not declared in this scope
make: *** [main.o] Error 1
09:30:01 **** Incremental Build of configuration Debug for project eda_siete ****
make all 
Building file: ../main.cpp
Invoking: GCC C++ Compiler
g++ -O0 -g3 -Wall -c -fmessage-length=0 -MMD -MP -MF"main.d" -MT"main.d" -o "main.o" "../main.cpp"
../main.cpp: In function ‘int main()’:
../main.cpp:39:7: error: missing template arguments before ‘a’
../main.cpp:39:7: error: expected ‘;’ before ‘a’
../main.cpp:40:7: error: missing template arguments before ‘b’
../main.cpp:40:7: error: expected ‘;’ before ‘b’
../main.cpp:41:7: error: missing template arguments before ‘c’
../main.cpp:41:7: error: expected ‘;’ before ‘c’
../main.cpp:42:1: error: ‘a’ was not declared in this scope
../main.cpp:43:1: error: ‘b’ was not declared in this scope
../main.cpp:44:1: error: ‘c’ was not declared in this scope
make: *** [main.o] Error 1
09:30:27 **** Incremental Build of configuration Debug for project eda_siete ****
make all 
Building file: ../main.cpp
Invoking: GCC C++ Compiler
g++ -O0 -g3 -Wall -c -fmessage-length=0 -MMD -MP -MF"main.d" -MT"main.d" -o "main.o" "../main.cpp"
../main.cpp: In function ‘int main()’:
../main.cpp:40:7: error: missing template arguments before ‘a’
../main.cpp:40:7: error: expected ‘;’ before ‘a’
../main.cpp:41:7: error: missing template arguments before ‘b’
../main.cpp:41:7: error: expected ‘;’ before ‘b’
../main.cpp:42:7: error: missing template arguments before ‘c’
../main.cpp:42:7: error: expected ‘;’ before ‘c’
../main.cpp:43:1: error: ‘a’ was not declared in this scope
../main.cpp:44:1: error: ‘b’ was not declared in this scope
../main.cpp:45:1: error: ‘c’ was not declared in this scope
make: *** [main.o] Error 1
09:30:38 **** Incremental Build of configuration Debug for project eda_siete ****
make all 
Building file: ../main.cpp
Invoking: GCC C++ Compiler
g++ -O0 -g3 -Wall -c -fmessage-length=0 -MMD -MP -MF"main.d" -MT"main.d" -o "main.o" "../main.cpp"
../main.cpp: In function ‘int main()’:
../main.cpp:41:7: error: missing template arguments before ‘a’
../main.cpp:41:7: error: expected ‘;’ before ‘a’
../main.cpp:42:7: error: missing template arguments before ‘b’
../main.cpp:42:7: error: expected ‘;’ before ‘b’
../main.cpp:43:7: error: missing template arguments before ‘c’
../main.cpp:43:7: error: expected ‘;’ before ‘c’
../main.cpp:44:1: error: ‘a’ was not declared in this scope
../main.cpp:45:1: error: ‘b’ was not declared in this scope
../main.cpp:46:1: error: ‘c’ was not declared in this scope
make: *** [main.o] Error 1
09:31:10 **** Incremental Build of configuration Debug for project eda_siete ****
make all 
Building file: ../main.cpp
Invoking: GCC C++ Compiler
g++ -O0 -g3 -Wall -c -fmessage-length=0 -MMD -MP -MF"main.d" -MT"main.d" -o "main.o" "../main.cpp"
../main.cpp:18:1: error: expected initializer before ‘tArbin’
../main.cpp:25:1: error: ‘tArbin’ does not name a type
../main.cpp:33:15: error: variable or field ‘mostrar’ declared void
../main.cpp:33:15: error: ‘tArbin’ was not declared in this scope
../main.cpp:33:23: error: ‘a’ was not declared in this scope
../main.cpp: In function ‘int main()’:
../main.cpp:41:7: error: missing template arguments before ‘a’
../main.cpp:41:7: error: expected ‘;’ before ‘a’
../main.cpp:42:7: error: missing template arguments before ‘b’
../main.cpp:42:7: error: expected ‘;’ before ‘b’
../main.cpp:43:7: error: missing template arguments before ‘c’
../main.cpp:43:7: error: expected ‘;’ before ‘c’
../main.cpp:44:1: error: ‘a’ was not declared in this scope
../main.cpp:44:7: error: ‘lee’ was not declared in this scope
../main.cpp:45:1: error: ‘b’ was not declared in this scope
../main.cpp:46:1: error: ‘c’ was not declared in this scope
../main.cpp:46:12: error: ‘sumar’ was not declared in this scope
../main.cpp:47:11: error: ‘mostrar’ was not declared in this scope
make: *** [main.o] Error 1
09:31:18 **** Incremental Build of configuration Debug for project eda_siete ****
make all 
Building file: ../main.cpp
Invoking: GCC C++ Compiler
g++ -O0 -g3 -Wall -c -fmessage-length=0 -MMD -MP -MF"main.d" -MT"main.d" -o "main.o" "../main.cpp"
../main.cpp: In function ‘int main()’:
../main.cpp:41:7: error: missing template arguments before ‘a’
../main.cpp:41:7: error: expected ‘;’ before ‘a’
../main.cpp:42:7: error: missing template arguments before ‘b’
../main.cpp:42:7: error: expected ‘;’ before ‘b’
../main.cpp:43:7: error: missing template arguments before ‘c’
../main.cpp:43:7: error: expected ‘;’ before ‘c’
../main.cpp:44:1: error: ‘a’ was not declared in this scope
../main.cpp:45:1: error: ‘b’ was not declared in this scope
../main.cpp:46:1: error: ‘c’ was not declared in this scope
make: *** [main.o] Error 1
09:31:41 **** Incremental Build of configuration Debug for project eda_siete ****
make all 
Building file: ../main.cpp
Invoking: GCC C++ Compiler
g++ -O0 -g3 -Wall -c -fmessage-length=0 -MMD -MP -MF"main.d" -MT"main.d" -o "main.o" "../main.cpp"
Finished building: ../main.cpp
 
Building target: eda_siete
Invoking: GCC C++ Linker
g++  -o "eda_siete"  ./main.o   
Finished building target: eda_siete
 
09:31:53 **** Incremental Build of configuration Debug for project eda_siete ****
make all 
Building file: ../main.cpp
Invoking: GCC C++ Compiler
g++ -O0 -g3 -Wall -c -fmessage-length=0 -MMD -MP -MF"main.d" -MT"main.d" -o "main.o" "../main.cpp"
../main.cpp:18:15: error: non-member function ‘tArbin lee()’ cannot have cv-qualifier
../main.cpp:25:38: error: non-member function ‘tArbin sumar(tArbin&, tArbin&)’ cannot have cv-qualifier
make: *** [main.o] Error 1
09:32:07 **** Incremental Build of configuration Debug for project eda_siete ****
make all 
Building file: ../main.cpp
Invoking: GCC C++ Compiler
g++ -O0 -g3 -Wall -c -fmessage-length=0 -MMD -MP -MF"main.d" -MT"main.d" -o "main.o" "../main.cpp"
Finished building: ../main.cpp
 
Building target: eda_siete
Invoking: GCC C++ Linker
g++  -o "eda_siete"  ./main.o   
Finished building target: eda_siete
 
09:43:57 **** Incremental Build of configuration Debug for project eda_siete ****
make all 
Building file: ../main.cpp
Invoking: GCC C++ Compiler
g++ -O0 -g3 -Wall -c -fmessage-length=0 -MMD -MP -MF"main.d" -MT"main.d" -o "main.o" "../main.cpp"
../main.cpp: In function ‘tArbin lee()’:
../main.cpp:24:17: error: ‘tArbol’ was not declared in this scope
../main.cpp:31:1: warning: control reaches end of non-void function [-Wreturn-type]
make: *** [main.o] Error 1
09:44:16 **** Incremental Build of configuration Debug for project eda_siete ****
make all 
Building file: ../main.cpp
Invoking: GCC C++ Compiler
g++ -O0 -g3 -Wall -c -fmessage-length=0 -MMD -MP -MF"main.d" -MT"main.d" -o "main.o" "../main.cpp"
../main.cpp: In function ‘tArbin lee()’:
../main.cpp:20:1: error: ‘tArbol’ was not declared in this scope
../main.cpp:20:8: error: expected ‘;’ before ‘ret’
../main.cpp:24:10: error: ‘ret’ was not declared in this scope
../main.cpp:31:1: warning: control reaches end of non-void function [-Wreturn-type]
make: *** [main.o] Error 1
09:46:36 **** Incremental Build of configuration Debug for project eda_siete ****
make all 
Building file: ../main.cpp
Invoking: GCC C++ Compiler
g++ -O0 -g3 -Wall -c -fmessage-length=0 -MMD -MP -MF"main.d" -MT"main.d" -o "main.o" "../main.cpp"
Finished building: ../main.cpp
 
Building target: eda_siete
Invoking: GCC C++ Linker
g++  -o "eda_siete"  ./main.o   
Finished building target: eda_siete
 
09:47:28 **** Incremental Build of configuration Debug for project eda_siete ****
make all 
Building file: ../main.cpp
Invoking: GCC C++ Compiler
g++ -O0 -g3 -Wall -c -fmessage-length=0 -MMD -MP -MF"main.d" -MT"main.d" -o "main.o" "../main.cpp"
../main.cpp: In function ‘tArbin sumar(const tArbin&, const tArbin&)’:
../main.cpp:35:26: error: ‘a2’ was not declared in this scope
../main.cpp:37:9: error: ‘ret’ was not declared in this scope
../main.cpp:38:1: warning: control reaches end of non-void function [-Wreturn-type]
make: *** [main.o] Error 1
09:47:36 **** Incremental Build of configuration Debug for project eda_siete ****
make all 
Building file: ../main.cpp
Invoking: GCC C++ Compiler
g++ -O0 -g3 -Wall -c -fmessage-length=0 -MMD -MP -MF"main.d" -MT"main.d" -o "main.o" "../main.cpp"
../main.cpp: In function ‘tArbin sumar(const tArbin&, const tArbin&)’:
../main.cpp:37:9: error: ‘ret’ was not declared in this scope
../main.cpp:38:1: warning: control reaches end of non-void function [-Wreturn-type]
make: *** [main.o] Error 1
09:48:22 **** Incremental Build of configuration Debug for project eda_siete ****
make all 
Building file: ../main.cpp
Invoking: GCC C++ Compiler
g++ -O0 -g3 -Wall -c -fmessage-length=0 -MMD -MP -MF"main.d" -MT"main.d" -o "main.o" "../main.cpp"
../main.cpp: In function ‘tArbin sumar(const tArbin&, const tArbin&)’:
../main.cpp:38:1: error: ‘Arbol’ was not declared in this scope
../main.cpp:38:7: error: expected ‘;’ before ‘iz’
../main.cpp:40:1: warning: control reaches end of non-void function [-Wreturn-type]
make: *** [main.o] Error 1
09:48:30 **** Incremental Build of configuration Debug for project eda_siete ****
make all 
Building file: ../main.cpp
Invoking: GCC C++ Compiler
g++ -O0 -g3 -Wall -c -fmessage-length=0 -MMD -MP -MF"main.d" -MT"main.d" -o "main.o" "../main.cpp"
../main.cpp: In function ‘tArbin sumar(const tArbin&, const tArbin&)’:
../main.cpp:38:37: error: ‘suma’ was not declared in this scope
../main.cpp:38:8: warning: unused variable ‘iz’ [-Wunused-variable]
../main.cpp:40:1: warning: control reaches end of non-void function [-Wreturn-type]
make: *** [main.o] Error 1
09:48:56 **** Incremental Build of configuration Debug for project eda_siete ****
make all 
Building file: ../main.cpp
Invoking: GCC C++ Compiler
g++ -O0 -g3 -Wall -c -fmessage-length=0 -MMD -MP -MF"main.d" -MT"main.d" -o "main.o" "../main.cpp"
../main.cpp: In function ‘tArbin suma(const tArbin&, const tArbin&)’:
../main.cpp:40:1: warning: control reaches end of non-void function [-Wreturn-type]
Finished building: ../main.cpp
 
Building target: eda_siete
Invoking: GCC C++ Linker
g++  -o "eda_siete"  ./main.o   
Finished building target: eda_siete
 
09:50:26 **** Incremental Build of configuration Debug for project eda_siete ****
make all 
Building file: ../main.cpp
Invoking: GCC C++ Compiler
g++ -O0 -g3 -Wall -c -fmessage-length=0 -MMD -MP -MF"main.d" -MT"main.d" -o "main.o" "../main.cpp"
Finished building: ../main.cpp
 
Building target: eda_siete
Invoking: GCC C++ Linker
g++  -o "eda_siete"  ./main.o   
Finished building target: eda_siete
 
12:35:31 **** Incremental Build of configuration Debug for project eda_siete ****
make all 
Building file: ../main.cpp
Invoking: GCC C++ Compiler
g++ -O0 -g3 -Wall -c -fmessage-length=0 -MMD -MP -MF"main.d" -MT"main.d" -o "main.o" "../main.cpp"
Finished building: ../main.cpp
 
Building target: eda_siete
Invoking: GCC C++ Linker
g++  -o "eda_siete"  ./main.o   
Finished building target: eda_siete
 
12:45:18 **** Incremental Build of configuration Debug for project eda_siete ****
make all 
Building file: ../main.cpp
Invoking: GCC C++ Compiler
g++ -O0 -g3 -Wall -c -fmessage-length=0 -MMD -MP -MF"main.d" -MT"main.d" -o "main.o" "../main.cpp"
../main.cpp: In function ‘void mostrar(tArbin&)’:
../main.cpp:47:31: warning: comparison between signed and unsigned integer expressions [-Wsign-compare]
In file included from ../Arbin.h:17:0,
                 from ../main.cpp:13:
../List.h: In instantiation of ‘const T& List<T>::at(unsigned int) const [with T = int]’:
../main.cpp:48:22:   required from here
../List.h:210:16: warning: comparison between signed and unsigned integer expressions [-Wsign-compare]
Finished building: ../main.cpp
 
Building target: eda_siete
Invoking: GCC C++ Linker
g++  -o "eda_siete"  ./main.o   
Finished building target: eda_siete
 
12:45:43 **** Incremental Build of configuration Debug for project eda_siete ****
make all 
Building file: ../main.cpp
Invoking: GCC C++ Compiler
g++ -O0 -g3 -Wall -c -fmessage-length=0 -MMD -MP -MF"main.d" -MT"main.d" -o "main.o" "../main.cpp"
../main.cpp: In function ‘void mostrar(tArbin&)’:
../main.cpp:47:31: warning: comparison between signed and unsigned integer expressions [-Wsign-compare]
In file included from ../Arbin.h:17:0,
                 from ../main.cpp:13:
../List.h: In instantiation of ‘const T& List<T>::at(unsigned int) const [with T = int]’:
../main.cpp:48:22:   required from here
../List.h:210:16: warning: comparison between signed and unsigned integer expressions [-Wsign-compare]
Finished building: ../main.cpp
 
Building target: eda_siete
Invoking: GCC C++ Linker
g++  -o "eda_siete"  ./main.o   
Finished building target: eda_siete
 
12:46:19 **** Incremental Build of configuration Debug for project eda_siete ****
make all 
Building file: ../main.cpp
Invoking: GCC C++ Compiler
g++ -O0 -g3 -Wall -c -fmessage-length=0 -MMD -MP -MF"main.d" -MT"main.d" -o "main.o" "../main.cpp"
../main.cpp: In function ‘void mostrar(tArbin&)’:
../main.cpp:47:31: warning: comparison between signed and unsigned integer expressions [-Wsign-compare]
In file included from ../Arbin.h:17:0,
                 from ../main.cpp:13:
../List.h: In instantiation of ‘const T& List<T>::at(unsigned int) const [with T = int]’:
../main.cpp:48:22:   required from here
../List.h:210:16: warning: comparison between signed and unsigned integer expressions [-Wsign-compare]
Finished building: ../main.cpp
 
Building target: eda_siete
Invoking: GCC C++ Linker
g++  -o "eda_siete"  ./main.o   
Finished building target: eda_siete
 
12:47:46 **** Incremental Build of configuration Debug for project eda_siete ****
make all 
Building file: ../main.cpp
Invoking: GCC C++ Compiler
g++ -O0 -g3 -Wall -c -fmessage-length=0 -MMD -MP -MF"main.d" -MT"main.d" -o "main.o" "../main.cpp"
../main.cpp: In function ‘void mostrar(tArbin&)’:
../main.cpp:44:2: error: ‘ConstIterator’ was not declared in this scope
../main.cpp:44:16: error: expected ‘;’ before ‘unIterador’
../main.cpp:48:31: warning: comparison between signed and unsigned integer expressions [-Wsign-compare]
In file included from ../Arbin.h:17:0,
                 from ../main.cpp:13:
../List.h: In instantiation of ‘const T& List<T>::at(unsigned int) const [with T = int]’:
../main.cpp:49:22:   required from here
../List.h:210:16: warning: comparison between signed and unsigned integer expressions [-Wsign-compare]
make: *** [main.o] Error 1
12:49:31 **** Incremental Build of configuration Debug for project eda_siete ****
make all 
Building file: ../main.cpp
Invoking: GCC C++ Compiler
g++ -O0 -g3 -Wall -c -fmessage-length=0 -MMD -MP -MF"main.d" -MT"main.d" -o "main.o" "../main.cpp"
../main.cpp: In function ‘void mostrar(tArbin&)’:
../main.cpp:44:2: error: ‘ConstIterator’ was not declared in this scope
../main.cpp:44:16: error: expected ‘;’ before ‘unIterador’
../main.cpp:48:31: warning: comparison between signed and unsigned integer expressions [-Wsign-compare]
In file included from ../Arbin.h:17:0,
                 from ../main.cpp:13:
../List.h: In instantiation of ‘const T& List<T>::at(unsigned int) const [with T = int]’:
../main.cpp:49:22:   required from here
../List.h:210:16: warning: comparison between signed and unsigned integer expressions [-Wsign-compare]
make: *** [main.o] Error 1
12:49:39 **** Incremental Build of configuration Debug for project eda_siete ****
make all 
Building file: ../main.cpp
Invoking: GCC C++ Compiler
g++ -O0 -g3 -Wall -c -fmessage-length=0 -MMD -MP -MF"main.d" -MT"main.d" -o "main.o" "../main.cpp"
../main.cpp: In function ‘void mostrar(tArbin&)’:
../main.cpp:47:2: error: ‘ConstIterador’ was not declared in this scope
../main.cpp:47:16: error: expected ‘;’ before ‘unIterador’
../main.cpp:48:31: warning: comparison between signed and unsigned integer expressions [-Wsign-compare]
In file included from ../Arbin.h:17:0,
                 from ../main.cpp:13:
../List.h: In instantiation of ‘const T& List<T>::at(unsigned int) const [with T = int]’:
../main.cpp:49:22:   required from here
../List.h:210:16: warning: comparison between signed and unsigned integer expressions [-Wsign-compare]
make: *** [main.o] Error 1
17:23:00 **** Incremental Build of configuration Debug for project eda_siete ****
make all 
Building file: ../main.cpp
Invoking: GCC C++ Compiler
g++ -O0 -g3 -Wall -c -fmessage-length=0 -MMD -MP -MF"main.d" -MT"main.d" -o "main.o" "../main.cpp"
Finished building: ../main.cpp
 
Building target: eda_siete
Invoking: GCC C++ Linker
g++  -o "eda_siete"  ./main.o   
Finished building target: eda_siete
 
17:24:19 **** Incremental Build of configuration Debug for project eda_siete ****
make all 
Building file: ../main.cpp
Invoking: GCC C++ Compiler
g++ -O0 -g3 -Wall -c -fmessage-length=0 -MMD -MP -MF"main.d" -MT"main.d" -o "main.o" "../main.cpp"
Finished building: ../main.cpp
 
Building target: eda_siete
Invoking: GCC C++ Linker
g++  -o "eda_siete"  ./main.o   
Finished building target: eda_siete
 
17:24:48 **** Incremental Build of configuration Debug for project eda_siete ****
make all 
make: No se hace nada para `all'.
17:39:50 **** Incremental Build of configuration Debug for project eda_siete ****
make all 
make: No se hace nada para `all'.
17:41:33 **** Incremental Build of configuration Debug for project eda_siete ****
make all 
make: No se hace nada para `all'.
17:42:02 **** Incremental Build of configuration Debug for project eda_siete ****
make all 
make: No se hace nada para `all'.
17:46:56 **** Incremental Build of configuration Debug for project eda_siete ****
make all 
Building file: ../main.cpp
Invoking: GCC C++ Compiler
g++ -O0 -g3 -Wall -c -fmessage-length=0 -MMD -MP -MF"main.d" -MT"main.d" -o "main.o" "../main.cpp"
Finished building: ../main.cpp
 
Building target: eda_siete
Invoking: GCC C++ Linker
g++  -o "eda_siete"  ./main.o   
Finished building target: eda_siete
 
17:57:25 **** Incremental Build of configuration Debug for project eda_siete ****
make all 
Building file: ../main.cpp
Invoking: GCC C++ Compiler
g++ -O0 -g3 -Wall -c -fmessage-length=0 -MMD -MP -MF"main.d" -MT"main.d" -o "main.o" "../main.cpp"
Finished building: ../main.cpp
 
Building target: eda_siete
Invoking: GCC C++ Linker
g++  -o "eda_siete"  ./main.o   
Finished building target: eda_siete
 
17:57:30 **** Incremental Build of configuration Debug for project eda_siete ****
make all 
make: No se hace nada para `all'.
17:58:22 **** Incremental Build of configuration Debug for project eda_siete ****
make all 
make: No se hace nada para `all'.
17:59:23 **** Incremental Build of configuration Debug for project eda_siete ****
make all 
Building file: ../main.cpp
Invoking: GCC C++ Compiler
g++ -O0 -g3 -Wall -c -fmessage-length=0 -MMD -MP -MF"main.d" -MT"main.d" -o "main.o" "../main.cpp"
Finished building: ../main.cpp
 
Building target: eda_siete
Invoking: GCC C++ Linker
g++  -o "eda_siete"  ./main.o   
Finished building target: eda_siete
 
17:59:35 **** Incremental Build of configuration Debug for project eda_siete ****
make all 
make: No se hace nada para `all'.
17:59:58 **** Incremental Build of configuration Debug for project eda_siete ****
make all 
make: No se hace nada para `all'.
18:01:51 **** Incremental Build of configuration Debug for project eda_siete ****
make all 
make: No se hace nada para `all'.
18:04:44 **** Incremental Build of configuration Debug for project eda_siete ****
make all 
Building file: ../main.cpp
Invoking: GCC C++ Compiler
g++ -O0 -g3 -Wall -c -fmessage-length=0 -MMD -MP -MF"main.d" -MT"main.d" -o "main.o" "../main.cpp"
Finished building: ../main.cpp
 
Building target: eda_siete
Invoking: GCC C++ Linker
g++  -o "eda_siete"  ./main.o   
Finished building target: eda_siete
 
18:04:53 **** Incremental Build of configuration Debug for project eda_siete ****
make all 
make: No se hace nada para `all'.
18:07:05 **** Incremental Build of configuration Debug for project eda_siete ****
make all 
Building file: ../main.cpp
Invoking: GCC C++ Compiler
g++ -O0 -g3 -Wall -c -fmessage-length=0 -MMD -MP -MF"main.d" -MT"main.d" -o "main.o" "../main.cpp"
../main.cpp: In function ‘int main()’:
../main.cpp:83:7: error: expected ‘(’ before ‘mostrar’
../main.cpp:83:19: error: expected ‘)’ before ‘{’ token
make: *** [main.o] Error 1
18:07:13 **** Incremental Build of configuration Debug for project eda_siete ****
make all 
Building file: ../main.cpp
Invoking: GCC C++ Compiler
g++ -O0 -g3 -Wall -c -fmessage-length=0 -MMD -MP -MF"main.d" -MT"main.d" -o "main.o" "../main.cpp"
Finished building: ../main.cpp
 
Building target: eda_siete
Invoking: GCC C++ Linker
g++  -o "eda_siete"  ./main.o   
Finished building target: eda_siete
 
18:07:16 **** Incremental Build of configuration Debug for project eda_siete ****
make all 
make: No se hace nada para `all'.
18:08:58 **** Incremental Build of configuration Debug for project eda_siete ****
make all 
Building file: ../main.cpp
Invoking: GCC C++ Compiler
g++ -O0 -g3 -Wall -c -fmessage-length=0 -MMD -MP -MF"main.d" -MT"main.d" -o "main.o" "../main.cpp"
Finished building: ../main.cpp
 
Building target: eda_siete
Invoking: GCC C++ Linker
g++  -o "eda_siete"  ./main.o   
Finished building target: eda_siete
 
18:09:16 **** Incremental Build of configuration Debug for project eda_siete ****
make all 
Building file: ../main.cpp
Invoking: GCC C++ Compiler
g++ -O0 -g3 -Wall -c -fmessage-length=0 -MMD -MP -MF"main.d" -MT"main.d" -o "main.o" "../main.cpp"
Finished building: ../main.cpp
 
Building target: eda_siete
Invoking: GCC C++ Linker
g++  -o "eda_siete"  ./main.o   
Finished building target: eda_siete
 
18:09:19 **** Incremental Build of configuration Debug for project eda_siete ****
make all 
make: No se hace nada para `all'.
18:21:59 **** Incremental Build of configuration Debug for project eda_siete ****
make all 
Building file: ../main.cpp
Invoking: GCC C++ Compiler
g++ -O0 -g3 -Wall -c -fmessage-length=0 -MMD -MP -MF"main.d" -MT"main.d" -o "main.o" "../main.cpp"
Finished building: ../main.cpp
 
Building target: eda_siete
Invoking: GCC C++ Linker
g++  -o "eda_siete"  ./main.o   
Finished building target: eda_siete
 
18:24:43 **** Incremental Build of configuration Debug for project eda_siete ****
make all 
Building file: ../main.cpp
Invoking: GCC C++ Compiler
g++ -O0 -g3 -Wall -c -fmessage-length=0 -MMD -MP -MF"main.d" -MT"main.d" -o "main.o" "../main.cpp"
Finished building: ../main.cpp
 
Building target: eda_siete
Invoking: GCC C++ Linker
g++  -o "eda_siete"  ./main.o   
Finished building target: eda_siete
 
18:24:52 **** Incremental Build of configuration Debug for project eda_siete ****
make all 
make: No se hace nada para `all'.
19:00:45 **** Incremental Build of configuration Debug for project eda_siete ****
make all 
Building file: ../main.cpp
Invoking: GCC C++ Compiler
g++ -O0 -g3 -Wall -c -fmessage-length=0 -MMD -MP -MF"main.d" -MT"main.d" -o "main.o" "../main.cpp"
Finished building: ../main.cpp
 
Building target: eda_siete
Invoking: GCC C++ Linker
g++  -o "eda_siete"  ./main.o   
Finished building target: eda_siete
 
19:00:56 **** Incremental Build of configuration Debug for project eda_siete ****
make all 
make: No se hace nada para `all'.
19:01:02 **** Incremental Build of configuration Debug for project eda_siete ****
make all 
make: No se hace nada para `all'.
19:01:20 **** Incremental Build of configuration Debug for project eda_siete ****
make all 
Building file: ../main.cpp
Invoking: GCC C++ Compiler
g++ -O0 -g3 -Wall -c -fmessage-length=0 -MMD -MP -MF"main.d" -MT"main.d" -o "main.o" "../main.cpp"
Finished building: ../main.cpp
 
Building target: eda_siete
Invoking: GCC C++ Linker
g++  -o "eda_siete"  ./main.o   
Finished building target: eda_siete
 
19:01:24 **** Incremental Build of configuration Debug for project eda_siete ****
make all 
make: No se hace nada para `all'.
19:03:19 **** Incremental Build of configuration Debug for project eda_siete ****
make all 
Building file: ../main.cpp
Invoking: GCC C++ Compiler
g++ -O0 -g3 -Wall -c -fmessage-length=0 -MMD -MP -MF"main.d" -MT"main.d" -o "main.o" "../main.cpp"
Finished building: ../main.cpp
 
Building target: eda_siete
Invoking: GCC C++ Linker
g++  -o "eda_siete"  ./main.o   
Finished building target: eda_siete
 
19:05:06 **** Incremental Build of configuration Debug for project eda_siete ****
make all 
Building file: ../main.cpp
Invoking: GCC C++ Compiler
g++ -O0 -g3 -Wall -c -fmessage-length=0 -MMD -MP -MF"main.d" -MT"main.d" -o "main.o" "../main.cpp"
../main.cpp: In function ‘bool mostrar(const tArbin&)’:
../main.cpp:1326:3: error: expected ‘;’ before ‘return’
make: *** [main.o] Error 1
19:05:27 **** Incremental Build of configuration Debug for project eda_siete ****
make all 
Building file: ../main.cpp
Invoking: GCC C++ Compiler
g++ -O0 -g3 -Wall -c -fmessage-length=0 -MMD -MP -MF"main.d" -MT"main.d" -o "main.o" "../main.cpp"
Finished building: ../main.cpp
 
Building target: eda_siete
Invoking: GCC C++ Linker
g++  -o "eda_siete"  ./main.o   
Finished building target: eda_siete
 
19:11:23 **** Incremental Build of configuration Debug for project eda_siete ****
make all 
make: No se hace nada para `all'.
19:20:29 **** Incremental Build of configuration Debug for project eda_siete ****
make all 
Building file: ../main.cpp
Invoking: GCC C++ Compiler
g++ -O0 -g3 -Wall -c -fmessage-length=0 -MMD -MP -MF"main.d" -MT"main.d" -o "main.o" "../main.cpp"
Finished building: ../main.cpp
 
Building target: eda_siete
Invoking: GCC C++ Linker
g++  -o "eda_siete"  ./main.o   
Finished building target: eda_siete
 
19:20:35 **** Incremental Build of configuration Debug for project eda_siete ****
make all 
make: No se hace nada para `all'.
19:26:29 **** Incremental Build of configuration Debug for project eda_siete ****
make all 
Building file: ../main.cpp
Invoking: GCC C++ Compiler
g++ -O0 -g3 -Wall -c -fmessage-length=0 -MMD -MP -MF"main.d" -MT"main.d" -o "main.o" "../main.cpp"
Finished building: ../main.cpp
 
Building target: eda_siete
Invoking: GCC C++ Linker
g++  -o "eda_siete"  ./main.o   
Finished building target: eda_siete
 
19:27:19 **** Incremental Build of configuration Debug for project eda_siete ****
make all 
Building file: ../main.cpp
Invoking: GCC C++ Compiler
g++ -O0 -g3 -Wall -c -fmessage-length=0 -MMD -MP -MF"main.d" -MT"main.d" -o "main.o" "../main.cpp"
Finished building: ../main.cpp
 
Building target: eda_siete
Invoking: GCC C++ Linker
g++  -o "eda_siete"  ./main.o   
Finished building target: eda_siete
 
19:29:29 **** Incremental Build of configuration Debug for project eda_siete ****
make all 
Building file: ../main.cpp
Invoking: GCC C++ Compiler
g++ -O0 -g3 -Wall -c -fmessage-length=0 -MMD -MP -MF"main.d" -MT"main.d" -o "main.o" "../main.cpp"
Finished building: ../main.cpp
 
Building target: eda_siete
Invoking: GCC C++ Linker
g++  -o "eda_siete"  ./main.o   
Finished building target: eda_siete
 
00:31:19 **** Incremental Build of configuration Debug for project eda_siete ****
make all 
Building file: ../main.cpp
Invoking: GCC C++ Compiler
g++ -O0 -g3 -Wall -c -fmessage-length=0 -MMD -MP -MF"main.d" -MT"main.d" -o "main.o" "../main.cpp"
Finished building: ../main.cpp
 
Building target: eda_siete
Invoking: GCC C++ Linker
g++  -o "eda_siete"  ./main.o   
Finished building target: eda_siete
 
00:45:50 **** Incremental Build of configuration Debug for project eda_siete ****
make all 
Building file: ../main.cpp
Invoking: GCC C++ Compiler
g++ -O0 -g3 -Wall -c -fmessage-length=0 -MMD -MP -MF"main.d" -MT"main.d" -o "main.o" "../main.cpp"
../main.cpp: In function ‘int main()’:
../main.cpp:69:24: error: ‘reconstruye’ was not declared in this scope
make: *** [main.o] Error 1
00:48:49 **** Incremental Build of configuration Debug for project eda_siete ****
make all 
Building file: ../main.cpp
Invoking: GCC C++ Compiler
g++ -O0 -g3 -Wall -c -fmessage-length=0 -MMD -MP -MF"main.d" -MT"main.d" -o "main.o" "../main.cpp"
../main.cpp: In function ‘tArbin reconstruye(const tLista&, const tLista&, bool&)’:
../main.cpp:35:1: warning: no return statement in function returning non-void [-Wreturn-type]
Finished building: ../main.cpp
 
Building target: eda_siete
Invoking: GCC C++ Linker
g++  -o "eda_siete"  ./main.o   
Finished building target: eda_siete
 
00:49:04 **** Incremental Build of configuration Debug for project eda_siete ****
make all 
make: No se hace nada para `all'.
00:49:08 **** Incremental Build of configuration Debug for project eda_siete ****
make all 
Building file: ../main.cpp
Invoking: GCC C++ Compiler
g++ -O0 -g3 -Wall -c -fmessage-length=0 -MMD -MP -MF"main.d" -MT"main.d" -o "main.o" "../main.cpp"
Finished building: ../main.cpp
 
Building target: eda_siete
Invoking: GCC C++ Linker
g++  -o "eda_siete"  ./main.o   
Finished building target: eda_siete
 
00:49:13 **** Incremental Build of configuration Debug for project eda_siete ****
make all 
make: No se hace nada para `all'.
00:50:44 **** Incremental Build of configuration Debug for project eda_siete ****
make all 
Building file: ../main.cpp
Invoking: GCC C++ Compiler
g++ -O0 -g3 -Wall -c -fmessage-length=0 -MMD -MP -MF"main.d" -MT"main.d" -o "main.o" "../main.cpp"
Finished building: ../main.cpp
 
Building target: eda_siete
Invoking: GCC C++ Linker
g++  -o "eda_siete"  ./main.o   
Finished building target: eda_siete
 
00:50:46 **** Incremental Build of configuration Debug for project eda_siete ****
make all 
make: No se hace nada para `all'.
00:51:18 **** Incremental Build of configuration Debug for project eda_siete ****
make all 
Building file: ../main.cpp
Invoking: GCC C++ Compiler
g++ -O0 -g3 -Wall -c -fmessage-length=0 -MMD -MP -MF"main.d" -MT"main.d" -o "main.o" "../main.cpp"
Finished building: ../main.cpp
 
Building target: eda_siete
Invoking: GCC C++ Linker
g++  -o "eda_siete"  ./main.o   
Finished building target: eda_siete
 
00:51:21 **** Incremental Build of configuration Debug for project eda_siete ****
make all 
make: No se hace nada para `all'.
00:51:33 **** Incremental Build of configuration Debug for project eda_siete ****
make all 
make: No se hace nada para `all'.
00:53:48 **** Incremental Build of configuration Debug for project eda_siete ****
make all 
Building file: ../main.cpp
Invoking: GCC C++ Compiler
g++ -O0 -g3 -Wall -c -fmessage-length=0 -MMD -MP -MF"main.d" -MT"main.d" -o "main.o" "../main.cpp"
Finished building: ../main.cpp
 
Building target: eda_siete
Invoking: GCC C++ Linker
g++  -o "eda_siete"  ./main.o   
Finished building target: eda_siete
 
00:54:12 **** Incremental Build of configuration Debug for project eda_siete ****
make all 
make: No se hace nada para `all'.
01:01:46 **** Incremental Build of configuration Debug for project eda_siete ****
make all 
Building file: ../main.cpp
Invoking: GCC C++ Compiler
g++ -O0 -g3 -Wall -c -fmessage-length=0 -MMD -MP -MF"main.d" -MT"main.d" -o "main.o" "../main.cpp"
Finished building: ../main.cpp
 
Building target: eda_siete
Invoking: GCC C++ Linker
g++  -o "eda_siete"  ./main.o   
Finished building target: eda_siete
 
01:18:48 **** Incremental Build of configuration Debug for project eda_siete ****
make all 
Building file: ../main.cpp
Invoking: GCC C++ Compiler
g++ -O0 -g3 -Wall -c -fmessage-length=0 -MMD -MP -MF"main.d" -MT"main.d" -o "main.o" "../main.cpp"
../main.cpp:34:3: error: expected ‘,’ or ‘...’ before ‘tLista’
../main.cpp: In function ‘tArbin reconstruyeAux(List<int>::ConstIterator, List<int>::ConstIterator)’:
../main.cpp:44:2: error: expected initializer before ‘return’
../main.cpp:45:1: warning: no return statement in function returning non-void [-Wreturn-type]
../main.cpp: In function ‘tArbin reconstruye(const tLista&, const tLista&, bool&)’:
../main.cpp:53:74: error: too many arguments to function ‘tArbin reconstruyeAux(List<int>::ConstIterator, List<int>::ConstIterator)’
../main.cpp:33:8: note: declared here
../main.cpp:54:3: error: expected ‘;’ before ‘{’ token
../main.cpp:57:1: warning: control reaches end of non-void function [-Wreturn-type]
make: *** [main.o] Error 1
01:18:59 **** Incremental Build of configuration Debug for project eda_siete ****
make all 
Building file: ../main.cpp
Invoking: GCC C++ Compiler
g++ -O0 -g3 -Wall -c -fmessage-length=0 -MMD -MP -MF"main.d" -MT"main.d" -o "main.o" "../main.cpp"
../main.cpp: In function ‘tArbin reconstruyeAux(List<int>::ConstIterator, List<int>::ConstIterator, List<int>::ConstIterator, List<int>::ConstIterator, bool&)’:
../main.cpp:44:2: error: expected initializer before ‘return’
../main.cpp:45:1: warning: no return statement in function returning non-void [-Wreturn-type]
../main.cpp: In function ‘tArbin reconstruye(const tLista&, const tLista&, bool&)’:
../main.cpp:53:74: error: too few arguments to function ‘tArbin reconstruyeAux(List<int>::ConstIterator, List<int>::ConstIterator, List<int>::ConstIterator, List<int>::ConstIterator, bool&)’
../main.cpp:33:8: note: declared here
../main.cpp:54:3: error: expected ‘;’ before ‘{’ token
../main.cpp:57:1: warning: control reaches end of non-void function [-Wreturn-type]
make: *** [main.o] Error 1
01:19:04 **** Incremental Build of configuration Debug for project eda_siete ****
make all 
Building file: ../main.cpp
Invoking: GCC C++ Compiler
g++ -O0 -g3 -Wall -c -fmessage-length=0 -MMD -MP -MF"main.d" -MT"main.d" -o "main.o" "../main.cpp"
../main.cpp: In function ‘tArbin reconstruye(const tLista&, const tLista&, bool&)’:
../main.cpp:53:74: error: too few arguments to function ‘tArbin reconstruyeAux(List<int>::ConstIterator, List<int>::ConstIterator, List<int>::ConstIterator, List<int>::ConstIterator, bool&)’
../main.cpp:33:8: note: declared here
../main.cpp:54:3: error: expected ‘;’ before ‘{’ token
../main.cpp:57:1: warning: control reaches end of non-void function [-Wreturn-type]
make: *** [main.o] Error 1
01:19:19 **** Incremental Build of configuration Debug for project eda_siete ****
make all 
Building file: ../main.cpp
Invoking: GCC C++ Compiler
g++ -O0 -g3 -Wall -c -fmessage-length=0 -MMD -MP -MF"main.d" -MT"main.d" -o "main.o" "../main.cpp"
../main.cpp: In function ‘tArbin reconstruye(const tLista&, const tLista&, bool&)’:
../main.cpp:54:3: error: expected ‘;’ before ‘{’ token
../main.cpp:57:1: warning: control reaches end of non-void function [-Wreturn-type]
make: *** [main.o] Error 1
01:19:32 **** Incremental Build of configuration Debug for project eda_siete ****
make all 
Building file: ../main.cpp
Invoking: GCC C++ Compiler
g++ -O0 -g3 -Wall -c -fmessage-length=0 -MMD -MP -MF"main.d" -MT"main.d" -o "main.o" "../main.cpp"
../main.cpp: In function ‘tArbin reconstruye(const tLista&, const tLista&, bool&)’:
../main.cpp:57:1: warning: control reaches end of non-void function [-Wreturn-type]
Finished building: ../main.cpp
 
Building target: eda_siete
Invoking: GCC C++ Linker
g++  -o "eda_siete"  ./main.o   
Finished building target: eda_siete
 
01:19:41 **** Incremental Build of configuration Debug for project eda_siete ****
make all 
Building file: ../main.cpp
Invoking: GCC C++ Compiler
g++ -O0 -g3 -Wall -c -fmessage-length=0 -MMD -MP -MF"main.d" -MT"main.d" -o "main.o" "../main.cpp"
Finished building: ../main.cpp
 
Building target: eda_siete
Invoking: GCC C++ Linker
g++  -o "eda_siete"  ./main.o   
Finished building target: eda_siete
 
12:07:50 **** Build of configuration Debug for project eda_siete ****
make all 
Building file: ../main.cpp
Invoking: GCC C++ Compiler
g++ -O0 -g3 -Wall -c -fmessage-length=0 -MMD -MP -MF"main.d" -MT"main.d" -o "main.o" "../main.cpp"
Finished building: ../main.cpp
 
Building target: eda_siete
Invoking: GCC C++ Linker
g++  -o "eda_siete"  ./main.o   
Finished building target: eda_siete
 
12:55:12 **** Incremental Build of configuration Debug for project eda_siete ****
make all 
Building file: ../main.cpp
Invoking: GCC C++ Compiler
g++ -O0 -g3 -Wall -c -fmessage-length=0 -MMD -MP -MF"main.d" -MT"main.d" -o "main.o" "../main.cpp"
Finished building: ../main.cpp
 
Building target: eda_siete
Invoking: GCC C++ Linker
g++  -o "eda_siete"  ./main.o   
Finished building target: eda_siete
 
12:57:31 **** Incremental Build of configuration Debug for project eda_siete ****
make all 
Building file: ../main.cpp
Invoking: GCC C++ Compiler
g++ -O0 -g3 -Wall -c -fmessage-length=0 -MMD -MP -MF"main.d" -MT"main.d" -o "main.o" "../main.cpp"
../main.cpp: In function ‘tArbin reconstruyeAux(const tLista&, const tLista&, int, int)’:
../main.cpp:45:6: warning: unused variable ‘r’ [-Wunused-variable]
In file included from ../main.cpp:12:0:
../Arbin.h: In instantiation of ‘const T& List<T>::at(unsigned int) const [with T = int]’:
../main.cpp:45:24:   required from here
../Arbin.h:318:16: warning: comparison between signed and unsigned integer expressions [-Wsign-compare]
Finished building: ../main.cpp
 
Building target: eda_siete
Invoking: GCC C++ Linker
g++  -o "eda_siete"  ./main.o   
Finished building target: eda_siete
 
12:58:28 **** Incremental Build of configuration Debug for project eda_siete ****
make all 
Building file: ../main.cpp
Invoking: GCC C++ Compiler
g++ -O0 -g3 -Wall -c -fmessage-length=0 -MMD -MP -MF"main.d" -MT"main.d" -o "main.o" "../main.cpp"
../main.cpp: In function ‘tArbin reconstruyeAux(const tLista&, const tLista&, int, int)’:
../main.cpp:45:12: warning: unused variable ‘r’ [-Wunused-variable]
In file included from ../main.cpp:12:0:
../Arbin.h: In instantiation of ‘const T& List<T>::at(unsigned int) const [with T = int]’:
../main.cpp:45:30:   required from here
../Arbin.h:318:16: warning: comparison between signed and unsigned integer expressions [-Wsign-compare]
Finished building: ../main.cpp
 
Building target: eda_siete
Invoking: GCC C++ Linker
g++  -o "eda_siete"  ./main.o   
Finished building target: eda_siete
 
12:58:37 **** Incremental Build of configuration Debug for project eda_siete ****
make all 
Building file: ../main.cpp
Invoking: GCC C++ Compiler
g++ -O0 -g3 -Wall -c -fmessage-length=0 -MMD -MP -MF"main.d" -MT"main.d" -o "main.o" "../main.cpp"
In file included from ../main.cpp:12:0:
../Arbin.h: In instantiation of ‘const T& List<T>::at(unsigned int) const [with T = int]’:
../main.cpp:45:26:   required from here
../Arbin.h:318:16: warning: comparison between signed and unsigned integer expressions [-Wsign-compare]
Finished building: ../main.cpp
 
Building target: eda_siete
Invoking: GCC C++ Linker
g++  -o "eda_siete"  ./main.o   
Finished building target: eda_siete
 
12:58:49 **** Incremental Build of configuration Debug for project eda_siete ****
make all 
Building file: ../main.cpp
Invoking: GCC C++ Compiler
g++ -O0 -g3 -Wall -c -fmessage-length=0 -MMD -MP -MF"main.d" -MT"main.d" -o "main.o" "../main.cpp"
../main.cpp: In function ‘tArbin reconstruyeAux(const tLista&, const tLista&, int, int)’:
../main.cpp:45:2: error: ‘in’ was not declared in this scope
../main.cpp:45:5: error: expected ‘;’ before ‘r’
make: *** [main.o] Error 1
12:58:56 **** Incremental Build of configuration Debug for project eda_siete ****
make all 
Building file: ../main.cpp
Invoking: GCC C++ Compiler
g++ -O0 -g3 -Wall -c -fmessage-length=0 -MMD -MP -MF"main.d" -MT"main.d" -o "main.o" "../main.cpp"
../main.cpp: In function ‘tArbin reconstruyeAux(const tLista&, const tLista&, int, int)’:
../main.cpp:45:6: warning: unused variable ‘r’ [-Wunused-variable]
In file included from ../main.cpp:12:0:
../Arbin.h: In instantiation of ‘const T& List<T>::at(unsigned int) const [with T = int]’:
../main.cpp:45:32:   required from here
../Arbin.h:318:16: warning: comparison between signed and unsigned integer expressions [-Wsign-compare]
Finished building: ../main.cpp
 
Building target: eda_siete
Invoking: GCC C++ Linker
g++  -o "eda_siete"  ./main.o   
Finished building target: eda_siete
 
13:00:52 **** Incremental Build of configuration Debug for project eda_siete ****
make all 
Building file: ../main.cpp
Invoking: GCC C++ Compiler
g++ -O0 -g3 -Wall -c -fmessage-length=0 -MMD -MP -MF"main.d" -MT"main.d" -o "main.o" "../main.cpp"
../main.cpp: In function ‘tArbin reconstruyeAux(const tLista&, const tLista&, int, int)’:
../main.cpp:46:6: warning: unused variable ‘r’ [-Wunused-variable]
In file included from ../main.cpp:12:0:
../Arbin.h: In instantiation of ‘const T& List<T>::at(unsigned int) const [with T = int]’:
../main.cpp:46:27:   required from here
../Arbin.h:318:16: warning: comparison between signed and unsigned integer expressions [-Wsign-compare]
Finished building: ../main.cpp
 
Building target: eda_siete
Invoking: GCC C++ Linker
g++  -o "eda_siete"  ./main.o   
Finished building target: eda_siete
 
13:01:00 **** Incremental Build of configuration Debug for project eda_siete ****
make all 
Building file: ../main.cpp
Invoking: GCC C++ Compiler
g++ -O0 -g3 -Wall -c -fmessage-length=0 -MMD -MP -MF"main.d" -MT"main.d" -o "main.o" "../main.cpp"
../main.cpp: In function ‘tArbin reconstruyeAux(const tLista&, const tLista&, int, int)’:
../main.cpp:46:6: warning: unused variable ‘r’ [-Wunused-variable]
In file included from ../main.cpp:12:0:
../Arbin.h: In instantiation of ‘const T& List<T>::at(unsigned int) const [with T = int]’:
../main.cpp:46:27:   required from here
../Arbin.h:318:16: warning: comparison between signed and unsigned integer expressions [-Wsign-compare]
Finished building: ../main.cpp
 
Building target: eda_siete
Invoking: GCC C++ Linker
g++  -o "eda_siete"  ./main.o   
Finished building target: eda_siete
 
13:01:09 **** Incremental Build of configuration Debug for project eda_siete ****
make all 
Building file: ../main.cpp
Invoking: GCC C++ Compiler
g++ -O0 -g3 -Wall -c -fmessage-length=0 -MMD -MP -MF"main.d" -MT"main.d" -o "main.o" "../main.cpp"
../main.cpp: In function ‘tArbin reconstruyeAux(const tLista&, const tLista&, int, int)’:
../main.cpp:46:6: warning: unused variable ‘r’ [-Wunused-variable]
../main.cpp:48:8: error: expected type-specifier before ‘Exception’
../main.cpp:48:17: error: expected ‘)’ before ‘&’ token
../main.cpp:48:17: error: expected ‘{’ before ‘&’ token
../main.cpp:48:19: error: ‘e’ was not declared in this scope
../main.cpp:48:20: error: expected ‘;’ before ‘)’ token
In file included from ../main.cpp:12:0:
../Arbin.h: In instantiation of ‘const T& List<T>::at(unsigned int) const [with T = int]’:
../main.cpp:46:27:   required from here
../Arbin.h:318:16: warning: comparison between signed and unsigned integer expressions [-Wsign-compare]
make: *** [main.o] Error 1
13:01:22 **** Incremental Build of configuration Debug for project eda_siete ****
make all 
Building file: ../main.cpp
Invoking: GCC C++ Compiler
g++ -O0 -g3 -Wall -c -fmessage-length=0 -MMD -MP -MF"main.d" -MT"main.d" -o "main.o" "../main.cpp"
../main.cpp: In function ‘tArbin reconstruyeAux(const tLista&, const tLista&, int, int)’:
../main.cpp:46:6: warning: unused variable ‘r’ [-Wunused-variable]
In file included from ../main.cpp:12:0:
../Arbin.h: In instantiation of ‘const T& List<T>::at(unsigned int) const [with T = int]’:
../main.cpp:46:27:   required from here
../Arbin.h:318:16: warning: comparison between signed and unsigned integer expressions [-Wsign-compare]
Finished building: ../main.cpp
 
Building target: eda_siete
Invoking: GCC C++ Linker
g++  -o "eda_siete"  ./main.o   
Finished building target: eda_siete
 
13:03:08 **** Incremental Build of configuration Debug for project eda_siete ****
make all 
make: No se hace nada para `all'.
13:03:20 **** Incremental Build of configuration Debug for project eda_siete ****
make all 
make: No se hace nada para `all'.
13:12:57 **** Incremental Build of configuration Debug for project eda_siete ****
make all 
Building file: ../main.cpp
Invoking: GCC C++ Compiler
g++ -O0 -g3 -Wall -c -fmessage-length=0 -MMD -MP -MF"main.d" -MT"main.d" -o "main.o" "../main.cpp"
../main.cpp: In function ‘tArbin reconstruyeAux(const tLista&, const tLista&, int, int)’:
../main.cpp:48:15: error: ‘preIndex’ was not declared in this scope
../main.cpp:50:16: error: ‘inIndex’ was not declared in this scope
../main.cpp:51:2: error: ‘inIndex’ was not declared in this scope
../main.cpp:59:1: error: expected primary-expression before ‘return’
../main.cpp:55:8: warning: unused variable ‘hIz’ [-Wunused-variable]
../main.cpp:60:1: warning: no return statement in function returning non-void [-Wreturn-type]
../main.cpp: In function ‘tArbin reconstruye(const tLista&, const tLista&, bool&)’:
../main.cpp:64:6: warning: unused variable ‘preIndex’ [-Wunused-variable]
make: *** [main.o] Error 1
13:13:34 **** Incremental Build of configuration Debug for project eda_siete ****
make all 
Building file: ../main.cpp
Invoking: GCC C++ Compiler
g++ -O0 -g3 -Wall -c -fmessage-length=0 -MMD -MP -MF"main.d" -MT"main.d" -o "main.o" "../main.cpp"
../main.cpp: In function ‘tArbin reconstruyeAux(const tLista&, const tLista&, int&, int, int)’:
../main.cpp:50:16: error: ‘inIndex’ was not declared in this scope
../main.cpp:51:2: error: ‘inIndex’ was not declared in this scope
../main.cpp:59:1: error: expected primary-expression before ‘return’
../main.cpp:55:8: warning: unused variable ‘hIz’ [-Wunused-variable]
../main.cpp:60:1: warning: no return statement in function returning non-void [-Wreturn-type]
../main.cpp: In function ‘tArbin reconstruye(const tLista&, const tLista&, bool&)’:
../main.cpp:69:51: error: invalid initialization of non-const reference of type ‘int&’ from an rvalue of type ‘int’
../main.cpp:42:8: error: in passing argument 3 of ‘tArbin reconstruyeAux(const tLista&, const tLista&, int&, int, int)’
In file included from ../main.cpp:12:0:
../Arbin.h: In instantiation of ‘const T& List<T>::at(unsigned int) const [with T = int]’:
../main.cpp:48:23:   required from here
../Arbin.h:318:16: warning: comparison between signed and unsigned integer expressions [-Wsign-compare]
make: *** [main.o] Error 1
13:13:56 **** Incremental Build of configuration Debug for project eda_siete ****
make all 
Building file: ../main.cpp
Invoking: GCC C++ Compiler
g++ -O0 -g3 -Wall -c -fmessage-length=0 -MMD -MP -MF"main.d" -MT"main.d" -o "main.o" "../main.cpp"
../main.cpp: In function ‘tArbin reconstruyeAux(const tLista&, const tLista&, int, int, int)’:
../main.cpp:50:16: error: ‘inIndex’ was not declared in this scope
../main.cpp:51:2: error: ‘inIndex’ was not declared in this scope
../main.cpp:59:1: error: expected primary-expression before ‘return’
../main.cpp:55:8: warning: unused variable ‘hIz’ [-Wunused-variable]
../main.cpp:60:1: warning: no return statement in function returning non-void [-Wreturn-type]
In file included from ../main.cpp:12:0:
../Arbin.h: In instantiation of ‘const T& List<T>::at(unsigned int) const [with T = int]’:
../main.cpp:48:23:   required from here
../Arbin.h:318:16: warning: comparison between signed and unsigned integer expressions [-Wsign-compare]
make: *** [main.o] Error 1
13:14:23 **** Incremental Build of configuration Debug for project eda_siete ****
make all 
Building file: ../main.cpp
Invoking: GCC C++ Compiler
g++ -O0 -g3 -Wall -c -fmessage-length=0 -MMD -MP -MF"main.d" -MT"main.d" -o "main.o" "../main.cpp"
../main.cpp: In function ‘tArbin reconstruyeAux(const tLista&, const tLista&, int, int, int)’:
../main.cpp:50:16: error: ‘inIndex’ was not declared in this scope
../main.cpp:51:2: error: ‘inIndex’ was not declared in this scope
../main.cpp:59:1: error: expected primary-expression before ‘return’
../main.cpp:55:8: warning: unused variable ‘hIz’ [-Wunused-variable]
../main.cpp:60:1: warning: no return statement in function returning non-void [-Wreturn-type]
In file included from ../main.cpp:12:0:
../Arbin.h: In instantiation of ‘const T& List<T>::at(unsigned int) const [with T = int]’:
../main.cpp:48:23:   required from here
../Arbin.h:318:16: warning: comparison between signed and unsigned integer expressions [-Wsign-compare]
make: *** [main.o] Error 1
13:14:25 **** Incremental Build of configuration Debug for project eda_siete ****
make all 
Building file: ../main.cpp
Invoking: GCC C++ Compiler
g++ -O0 -g3 -Wall -c -fmessage-length=0 -MMD -MP -MF"main.d" -MT"main.d" -o "main.o" "../main.cpp"
../main.cpp: In function ‘tArbin reconstruyeAux(const tLista&, const tLista&, int, int, int)’:
../main.cpp:50:16: error: ‘inIndex’ was not declared in this scope
../main.cpp:51:2: error: ‘inIndex’ was not declared in this scope
../main.cpp:59:1: error: expected primary-expression before ‘return’
../main.cpp:55:8: warning: unused variable ‘hIz’ [-Wunused-variable]
../main.cpp:60:1: warning: no return statement in function returning non-void [-Wreturn-type]
In file included from ../main.cpp:12:0:
../Arbin.h: In instantiation of ‘const T& List<T>::at(unsigned int) const [with T = int]’:
../main.cpp:48:23:   required from here
../Arbin.h:318:16: warning: comparison between signed and unsigned integer expressions [-Wsign-compare]
make: *** [main.o] Error 1
13:14:38 **** Incremental Build of configuration Debug for project eda_siete ****
make all 
Building file: ../main.cpp
Invoking: GCC C++ Compiler
g++ -O0 -g3 -Wall -c -fmessage-length=0 -MMD -MP -MF"main.d" -MT"main.d" -o "main.o" "../main.cpp"
../main.cpp: In function ‘tArbin reconstruyeAux(const tLista&, const tLista&, int, int, int)’:
../main.cpp:50:16: error: ‘inIndex’ was not declared in this scope
../main.cpp:51:2: error: ‘inIndex’ was not declared in this scope
../main.cpp:59:8: error: ‘unArbol’ was not declared in this scope
In file included from ../main.cpp:12:0:
../Arbin.h: In instantiation of ‘const T& List<T>::at(unsigned int) const [with T = int]’:
../main.cpp:48:23:   required from here
../Arbin.h:318:16: warning: comparison between signed and unsigned integer expressions [-Wsign-compare]
../main.cpp:60:1: warning: control reaches end of non-void function [-Wreturn-type]
make: *** [main.o] Error 1
13:15:21 **** Incremental Build of configuration Debug for project eda_siete ****
make all 
Building file: ../main.cpp
Invoking: GCC C++ Compiler
g++ -O0 -g3 -Wall -c -fmessage-length=0 -MMD -MP -MF"main.d" -MT"main.d" -o "main.o" "../main.cpp"
../main.cpp: In function ‘tArbin reconstruyeAux(const tLista&, const tLista&, int, int, int, int)’:
../main.cpp:59:8: error: ‘unArbol’ was not declared in this scope
In file included from ../main.cpp:12:0:
../Arbin.h: In instantiation of ‘const T& List<T>::at(unsigned int) const [with T = int]’:
../main.cpp:48:23:   required from here
../Arbin.h:318:16: warning: comparison between signed and unsigned integer expressions [-Wsign-compare]
../main.cpp:60:1: warning: control reaches end of non-void function [-Wreturn-type]
make: *** [main.o] Error 1
13:16:17 **** Incremental Build of configuration Debug for project eda_siete ****
make all 
Building file: ../main.cpp
Invoking: GCC C++ Compiler
g++ -O0 -g3 -Wall -c -fmessage-length=0 -MMD -MP -MF"main.d" -MT"main.d" -o "main.o" "../main.cpp"
../main.cpp: In function ‘tArbin reconstruyeAux(const tLista&, const tLista&, int, int, int, int)’:
../main.cpp:60:1: warning: no return statement in function returning non-void [-Wreturn-type]
In file included from ../main.cpp:12:0:
../Arbin.h: In instantiation of ‘const T& List<T>::at(unsigned int) const [with T = int]’:
../main.cpp:48:23:   required from here
../Arbin.h:318:16: warning: comparison between signed and unsigned integer expressions [-Wsign-compare]
Finished building: ../main.cpp
 
Building target: eda_siete
Invoking: GCC C++ Linker
g++  -o "eda_siete"  ./main.o   
Finished building target: eda_siete
 
13:16:22 **** Incremental Build of configuration Debug for project eda_siete ****
make all 
Building file: ../main.cpp
Invoking: GCC C++ Compiler
g++ -O0 -g3 -Wall -c -fmessage-length=0 -MMD -MP -MF"main.d" -MT"main.d" -o "main.o" "../main.cpp"
../main.cpp: In function ‘tArbin reconstruyeAux(const tLista&, const tLista&, int, int, int, int)’:
../main.cpp:60:1: warning: no return statement in function returning non-void [-Wreturn-type]
In file included from ../main.cpp:12:0:
../Arbin.h: In instantiation of ‘const T& List<T>::at(unsigned int) const [with T = int]’:
../main.cpp:48:22:   required from here
../Arbin.h:318:16: warning: comparison between signed and unsigned integer expressions [-Wsign-compare]
Finished building: ../main.cpp
 
Building target: eda_siete
Invoking: GCC C++ Linker
g++  -o "eda_siete"  ./main.o   
Finished building target: eda_siete
 
13:16:27 **** Incremental Build of configuration Debug for project eda_siete ****
make all 
make: No se hace nada para `all'.
13:19:42 **** Incremental Build of configuration Debug for project eda_siete ****
make all 
Building file: ../main.cpp
Invoking: GCC C++ Compiler
g++ -O0 -g3 -Wall -c -fmessage-length=0 -MMD -MP -MF"main.d" -MT"main.d" -o "main.o" "../main.cpp"
In file included from ../main.cpp:12:0:
../Arbin.h: In instantiation of ‘const T& List<T>::at(unsigned int) const [with T = int]’:
../main.cpp:48:22:   required from here
../Arbin.h:318:16: warning: comparison between signed and unsigned integer expressions [-Wsign-compare]
Finished building: ../main.cpp
 
Building target: eda_siete
Invoking: GCC C++ Linker
g++  -o "eda_siete"  ./main.o   
Finished building target: eda_siete
 
13:19:50 **** Incremental Build of configuration Debug for project eda_siete ****
make all 
make: No se hace nada para `all'.
13:20:01 **** Incremental Build of configuration Debug for project eda_siete ****
make all 
make: No se hace nada para `all'.
13:21:21 **** Incremental Build of configuration Debug for project eda_siete ****
make all 
make: No se hace nada para `all'.
13:21:52 **** Incremental Build of configuration Debug for project eda_siete ****
make all 
make: No se hace nada para `all'.
13:22:24 **** Incremental Build of configuration Debug for project eda_siete ****
make all 
make: No se hace nada para `all'.
13:25:53 **** Incremental Build of configuration Debug for project eda_siete ****
make all 
Building file: ../main.cpp
Invoking: GCC C++ Compiler
g++ -O0 -g3 -Wall -c -fmessage-length=0 -MMD -MP -MF"main.d" -MT"main.d" -o "main.o" "../main.cpp"
In file included from ../main.cpp:12:0:
../Arbin.h: In instantiation of ‘const T& List<T>::at(unsigned int) const [with T = int]’:
../main.cpp:48:22:   required from here
../Arbin.h:318:16: warning: comparison between signed and unsigned integer expressions [-Wsign-compare]
Finished building: ../main.cpp
 
Building target: eda_siete
Invoking: GCC C++ Linker
g++  -o "eda_siete"  ./main.o   
Finished building target: eda_siete
 
13:26:34 **** Incremental Build of configuration Debug for project eda_siete ****
make all 
make: No se hace nada para `all'.
13:28:17 **** Incremental Build of configuration Debug for project eda_siete ****
make all 
Building file: ../main.cpp
Invoking: GCC C++ Compiler
g++ -O0 -g3 -Wall -c -fmessage-length=0 -MMD -MP -MF"main.d" -MT"main.d" -o "main.o" "../main.cpp"
../main.cpp: In function ‘tArbin reconstruyeAux(const tLista&, const tLista&, int, int, int, int)’:
../main.cpp:44:27: error: ‘unArbol’ was not declared in this scope
In file included from ../main.cpp:12:0:
../Arbin.h: In instantiation of ‘const T& List<T>::at(unsigned int) const [with T = int]’:
../main.cpp:48:22:   required from here
../Arbin.h:318:16: warning: comparison between signed and unsigned integer expressions [-Wsign-compare]
make: *** [main.o] Error 1
13:28:34 **** Incremental Build of configuration Debug for project eda_siete ****
make all 
Building file: ../main.cpp
Invoking: GCC C++ Compiler
g++ -O0 -g3 -Wall -c -fmessage-length=0 -MMD -MP -MF"main.d" -MT"main.d" -o "main.o" "../main.cpp"
../main.cpp: In function ‘tArbin reconstruyeAux(const tLista&, const tLista&, int, int, int, int)’:
../main.cpp:44:34: error: ‘tArbol’ was not declared in this scope
In file included from ../main.cpp:12:0:
../Arbin.h: In instantiation of ‘const T& List<T>::at(unsigned int) const [with T = int]’:
../main.cpp:48:22:   required from here
../Arbin.h:318:16: warning: comparison between signed and unsigned integer expressions [-Wsign-compare]
make: *** [main.o] Error 1
13:28:42 **** Incremental Build of configuration Debug for project eda_siete ****
make all 
Building file: ../main.cpp
Invoking: GCC C++ Compiler
g++ -O0 -g3 -Wall -c -fmessage-length=0 -MMD -MP -MF"main.d" -MT"main.d" -o "main.o" "../main.cpp"
In file included from ../main.cpp:12:0:
../Arbin.h: In instantiation of ‘const T& List<T>::at(unsigned int) const [with T = int]’:
../main.cpp:48:22:   required from here
../Arbin.h:318:16: warning: comparison between signed and unsigned integer expressions [-Wsign-compare]
Finished building: ../main.cpp
 
Building target: eda_siete
Invoking: GCC C++ Linker
g++  -o "eda_siete"  ./main.o   
Finished building target: eda_siete
 
13:28:53 **** Incremental Build of configuration Debug for project eda_siete ****
make all 
make: No se hace nada para `all'.
13:28:59 **** Incremental Build of configuration Debug for project eda_siete ****
make all 
make: No se hace nada para `all'.
13:29:01 **** Incremental Build of configuration Debug for project eda_siete ****
make all 
make: No se hace nada para `all'.
13:29:28 **** Incremental Build of configuration Debug for project eda_siete ****
make all 
make: No se hace nada para `all'.
00:24:43 **** Incremental Build of configuration Debug for project eda_siete ****
make all 
Building file: ../main.cpp
Invoking: GCC C++ Compiler
g++ -O0 -g3 -Wall -c -fmessage-length=0 -MMD -MP -MF"main.d" -MT"main.d" -o "main.o" "../main.cpp"
In file included from ../main.cpp:12:0:
../Arbin.h: In instantiation of ‘const T& List<T>::at(unsigned int) const [with T = int]’:
../main.cpp:48:22:   required from here
../Arbin.h:318:16: warning: comparison between signed and unsigned integer expressions [-Wsign-compare]
Finished building: ../main.cpp
 
Building target: eda_siete
Invoking: GCC C++ Linker
g++  -o "eda_siete"  ./main.o   
Finished building target: eda_siete
 
00:25:01 **** Incremental Build of configuration Debug for project eda_siete ****
make all 
make: No se hace nada para `all'.
01:52:48 **** Incremental Build of configuration Debug for project eda_siete ****
make all 
make: No se hace nada para `all'.
01:52:53 **** Incremental Build of configuration Debug for project eda_siete ****
make all 
Building file: ../main.cpp
Invoking: GCC C++ Compiler
g++ -O0 -g3 -Wall -c -fmessage-length=0 -MMD -MP -MF"main.d" -MT"main.d" -o "main.o" "../main.cpp"
In file included from ../main.cpp:12:0:
../Arbin.h: In instantiation of ‘const T& List<T>::at(unsigned int) const [with T = int]’:
../main.cpp:49:22:   required from here
../Arbin.h:318:16: warning: comparison between signed and unsigned integer expressions [-Wsign-compare]
Finished building: ../main.cpp
 
Building target: eda_siete
Invoking: GCC C++ Linker
g++  -o "eda_siete"  ./main.o   
Finished building target: eda_siete
 
02:00:02 **** Incremental Build of configuration Debug for project eda_siete ****
make all 
make: No se hace nada para `all'.
02:00:23 **** Incremental Build of configuration Debug for project eda_siete ****
make all 
make: No se hace nada para `all'.
02:01:42 **** Incremental Build of configuration Debug for project eda_siete ****
make all 
Building file: ../main.cpp
Invoking: GCC C++ Compiler
g++ -O0 -g3 -Wall -c -fmessage-length=0 -MMD -MP -MF"main.d" -MT"main.d" -o "main.o" "../main.cpp"
In file included from ../main.cpp:12:0:
../Arbin.h: In instantiation of ‘const T& List<T>::at(unsigned int) const [with T = int]’:
../main.cpp:49:22:   required from here
../Arbin.h:318:16: warning: comparison between signed and unsigned integer expressions [-Wsign-compare]
Finished building: ../main.cpp
 
Building target: eda_siete
Invoking: GCC C++ Linker
g++  -o "eda_siete"  ./main.o   
Finished building target: eda_siete
 
02:01:45 **** Incremental Build of configuration Debug for project eda_siete ****
make all 
make: No se hace nada para `all'.
02:01:48 **** Incremental Build of configuration Debug for project eda_siete ****
make all 
make: No se hace nada para `all'.
02:02:41 **** Incremental Build of configuration Debug for project eda_siete ****
make all 
make: No se hace nada para `all'.
02:06:03 **** Incremental Build of configuration Debug for project eda_siete ****
make all 
Building file: ../main.cpp
Invoking: GCC C++ Compiler
g++ -O0 -g3 -Wall -c -fmessage-length=0 -MMD -MP -MF"main.d" -MT"main.d" -o "main.o" "../main.cpp"
In file included from ../main.cpp:12:0:
../Arbin.h: In instantiation of ‘const T& List<T>::at(unsigned int) const [with T = int]’:
../main.cpp:49:22:   required from here
../Arbin.h:318:16: warning: comparison between signed and unsigned integer expressions [-Wsign-compare]
Finished building: ../main.cpp
 
Building target: eda_siete
Invoking: GCC C++ Linker
g++  -o "eda_siete"  ./main.o   
Finished building target: eda_siete
 
02:10:52 **** Incremental Build of configuration Debug for project eda_siete ****
make all 
Building file: ../main.cpp
Invoking: GCC C++ Compiler
g++ -O0 -g3 -Wall -c -fmessage-length=0 -MMD -MP -MF"main.d" -MT"main.d" -o "main.o" "../main.cpp"
In file included from ../main.cpp:12:0:
../Arbin.h: In instantiation of ‘const T& List<T>::at(unsigned int) const [with T = int]’:
../main.cpp:49:22:   required from here
../Arbin.h:318:16: warning: comparison between signed and unsigned integer expressions [-Wsign-compare]
Finished building: ../main.cpp
 
Building target: eda_siete
Invoking: GCC C++ Linker
g++  -o "eda_siete"  ./main.o   
Finished building target: eda_siete
 
02:10:56 **** Incremental Build of configuration Debug for project eda_siete ****
make all 
make: No se hace nada para `all'.
02:12:50 **** Incremental Build of configuration Debug for project eda_siete ****
make all 
make: No se hace nada para `all'.
02:13:49 **** Incremental Build of configuration Debug for project eda_siete ****
make all 
Building file: ../main.cpp
Invoking: GCC C++ Compiler
g++ -O0 -g3 -Wall -c -fmessage-length=0 -MMD -MP -MF"main.d" -MT"main.d" -o "main.o" "../main.cpp"
In file included from ../main.cpp:12:0:
../Arbin.h: In instantiation of ‘const T& List<T>::at(unsigned int) const [with T = int]’:
../main.cpp:49:22:   required from here
../Arbin.h:318:16: warning: comparison between signed and unsigned integer expressions [-Wsign-compare]
Finished building: ../main.cpp
 
Building target: eda_siete
Invoking: GCC C++ Linker
g++  -o "eda_siete"  ./main.o   
Finished building target: eda_siete
 
02:15:27 **** Incremental Build of configuration Debug for project eda_siete ****
make all 
Building file: ../main.cpp
Invoking: GCC C++ Compiler
g++ -O0 -g3 -Wall -c -fmessage-length=0 -MMD -MP -MF"main.d" -MT"main.d" -o "main.o" "../main.cpp"
../main.cpp: In function ‘tArbin reconstruyeAux(const tLista&, const tLista&, int, int, int, int)’:
../main.cpp:46:62: error: no match for call to ‘(tArbin {aka Arbin<int>}) (tArbin, const int&)’
../main.cpp:60:19: error: ‘r’ was not declared in this scope
In file included from ../main.cpp:12:0:
../Arbin.h: In instantiation of ‘const T& List<T>::at(unsigned int) const [with T = int]’:
../main.cpp:46:61:   required from here
../Arbin.h:318:16: warning: comparison between signed and unsigned integer expressions [-Wsign-compare]
../main.cpp:65:1: warning: control reaches end of non-void function [-Wreturn-type]
make: *** [main.o] Error 1
02:16:00 **** Incremental Build of configuration Debug for project eda_siete ****
make all 
Building file: ../main.cpp
Invoking: GCC C++ Compiler
g++ -O0 -g3 -Wall -c -fmessage-length=0 -MMD -MP -MF"main.d" -MT"main.d" -o "main.o" "../main.cpp"
../main.cpp: In function ‘tArbin reconstruyeAux(const tLista&, const tLista&, int, int, int, int)’:
../main.cpp:60:19: error: ‘r’ was not declared in this scope
In file included from ../main.cpp:12:0:
../Arbin.h: In instantiation of ‘const T& List<T>::at(unsigned int) const [with T = int]’:
../main.cpp:46:59:   required from here
../Arbin.h:318:16: warning: comparison between signed and unsigned integer expressions [-Wsign-compare]
../main.cpp:65:1: warning: control reaches end of non-void function [-Wreturn-type]
make: *** [main.o] Error 1
02:17:49 **** Incremental Build of configuration Debug for project eda_siete ****
make all 
Building file: ../main.cpp
Invoking: GCC C++ Compiler
g++ -O0 -g3 -Wall -c -fmessage-length=0 -MMD -MP -MF"main.d" -MT"main.d" -o "main.o" "../main.cpp"
In file included from ../main.cpp:12:0:
../Arbin.h: In instantiation of ‘const T& List<T>::at(unsigned int) const [with T = int]’:
../main.cpp:49:59:   required from here
../Arbin.h:318:16: warning: comparison between signed and unsigned integer expressions [-Wsign-compare]
Finished building: ../main.cpp
 
Building target: eda_siete
Invoking: GCC C++ Linker
g++  -o "eda_siete"  ./main.o   
Finished building target: eda_siete
 
02:17:52 **** Incremental Build of configuration Debug for project eda_siete ****
make all 
make: No se hace nada para `all'.
02:18:09 **** Incremental Build of configuration Debug for project eda_siete ****
make all 
make: No se hace nada para `all'.
08:50:07 **** Incremental Build of configuration Debug for project eda_siete ****
make all 
Building file: ../main.cpp
Invoking: GCC C++ Compiler
g++ -O0 -g3 -Wall -c -fmessage-length=0 -MMD -MP -MF"main.d" -MT"main.d" -o "main.o" "../main.cpp"
In file included from ../main.cpp:12:0:
../Arbin.h: In instantiation of ‘const T& List<T>::at(unsigned int) const [with T = int]’:
../main.cpp:49:59:   required from here
../Arbin.h:318:16: warning: comparison between signed and unsigned integer expressions [-Wsign-compare]
Finished building: ../main.cpp
 
Building target: eda_siete
Invoking: GCC C++ Linker
g++  -o "eda_siete"  ./main.o   
Finished building target: eda_siete
 
08:50:21 **** Incremental Build of configuration Debug for project eda_siete ****
make all 
Building file: ../main.cpp
Invoking: GCC C++ Compiler
g++ -O0 -g3 -Wall -c -fmessage-length=0 -MMD -MP -MF"main.d" -MT"main.d" -o "main.o" "../main.cpp"
In file included from ../main.cpp:12:0:
../Arbin.h: In instantiation of ‘const T& List<T>::at(unsigned int) const [with T = int]’:
../main.cpp:49:59:   required from here
../Arbin.h:318:16: warning: comparison between signed and unsigned integer expressions [-Wsign-compare]
Finished building: ../main.cpp
 
Building target: eda_siete
Invoking: GCC C++ Linker
g++  -o "eda_siete"  ./main.o   
Finished building target: eda_siete
 
08:52:54 **** Incremental Build of configuration Debug for project eda_siete ****
make all 
make: No se hace nada para `all'.
09:43:32 **** Incremental Build of configuration Debug for project eda_siete ****
make all 
Building file: ../main.cpp
Invoking: GCC C++ Compiler
g++ -O0 -g3 -Wall -c -fmessage-length=0 -MMD -MP -MF"main.d" -MT"main.d" -o "main.o" "../main.cpp"
../main.cpp: In function ‘tArbin reconstruyeAux(const tLista&, const tLista&, int, int)’:
../main.cpp:62:60: error: too many arguments to function ‘tArbin reconstruyeAux(const tLista&, const tLista&, int, int)’
../main.cpp:42:8: note: declared here
../main.cpp:63:68: error: too many arguments to function ‘tArbin reconstruyeAux(const tLista&, const tLista&, int, int)’
../main.cpp:42:8: note: declared here
../main.cpp: In function ‘tArbin reconstruye(const tLista&, const tLista&, bool&)’:
../main.cpp:79:51: error: too many arguments to function ‘tArbin reconstruyeAux(const tLista&, const tLista&, int, int)’
../main.cpp:42:8: note: declared here
In file included from ../main.cpp:12:0:
../Arbin.h: In instantiation of ‘const T& List<T>::at(unsigned int) const [with T = int]’:
../main.cpp:51:59:   required from here
../Arbin.h:318:16: warning: comparison between signed and unsigned integer expressions [-Wsign-compare]
make: *** [main.o] Error 1
09:44:23 **** Incremental Build of configuration Debug for project eda_siete ****
make all 
Building file: ../main.cpp
Invoking: GCC C++ Compiler
g++ -O0 -g3 -Wall -c -fmessage-length=0 -MMD -MP -MF"main.d" -MT"main.d" -o "main.o" "../main.cpp"
../main.cpp: In function ‘tArbin reconstruye(const tLista&, const tLista&, bool&)’:
../main.cpp:79:51: error: too many arguments to function ‘tArbin reconstruyeAux(const tLista&, const tLista&, int, int)’
../main.cpp:42:8: note: declared here
In file included from ../main.cpp:12:0:
../Arbin.h: In instantiation of ‘const T& List<T>::at(unsigned int) const [with T = int]’:
../main.cpp:51:59:   required from here
../Arbin.h:318:16: warning: comparison between signed and unsigned integer expressions [-Wsign-compare]
make: *** [main.o] Error 1
09:44:46 **** Incremental Build of configuration Debug for project eda_siete ****
make all 
Building file: ../main.cpp
Invoking: GCC C++ Compiler
g++ -O0 -g3 -Wall -c -fmessage-length=0 -MMD -MP -MF"main.d" -MT"main.d" -o "main.o" "../main.cpp"
In file included from ../main.cpp:12:0:
../Arbin.h: In instantiation of ‘const T& List<T>::at(unsigned int) const [with T = int]’:
../main.cpp:51:59:   required from here
../Arbin.h:318:16: warning: comparison between signed and unsigned integer expressions [-Wsign-compare]
Finished building: ../main.cpp
 
Building target: eda_siete
Invoking: GCC C++ Linker
g++  -o "eda_siete"  ./main.o   
Finished building target: eda_siete
 
09:44:56 **** Incremental Build of configuration Debug for project eda_siete ****
make all 
make: No se hace nada para `all'.
09:46:03 **** Incremental Build of configuration Debug for project eda_siete ****
make all 
make: No se hace nada para `all'.
09:47:33 **** Incremental Build of configuration Debug for project eda_siete ****
make all 
Building file: ../main.cpp
Invoking: GCC C++ Compiler
g++ -O0 -g3 -Wall -c -fmessage-length=0 -MMD -MP -MF"main.d" -MT"main.d" -o "main.o" "../main.cpp"
In file included from ../main.cpp:12:0:
../Arbin.h: In instantiation of ‘const T& List<T>::at(unsigned int) const [with T = int]’:
../main.cpp:51:59:   required from here
../Arbin.h:318:16: warning: comparison between signed and unsigned integer expressions [-Wsign-compare]
Finished building: ../main.cpp
 
Building target: eda_siete
Invoking: GCC C++ Linker
g++  -o "eda_siete"  ./main.o   
Finished building target: eda_siete
 
09:47:37 **** Incremental Build of configuration Debug for project eda_siete ****
make all 
make: No se hace nada para `all'.
09:54:16 **** Incremental Build of configuration Debug for project eda_siete ****
make all 
Building file: ../main.cpp
Invoking: GCC C++ Compiler
g++ -O0 -g3 -Wall -c -fmessage-length=0 -MMD -MP -MF"main.d" -MT"main.d" -o "main.o" "../main.cpp"
../main.cpp: In function ‘tArbin reconstruyeAux(const tLista&, const tLista&, int, int)’:
../main.cpp:52:19: error: return-statement with no value, in function returning ‘tArbin {aka Arbin<int>}’ [-fpermissive]
In file included from ../main.cpp:12:0:
../Arbin.h: In instantiation of ‘const T& List<T>::at(unsigned int) const [with T = int]’:
../main.cpp:51:59:   required from here
../Arbin.h:318:16: warning: comparison between signed and unsigned integer expressions [-Wsign-compare]
make: *** [main.o] Error 1
09:54:31 **** Incremental Build of configuration Debug for project eda_siete ****
make all 
Building file: ../main.cpp
Invoking: GCC C++ Compiler
g++ -O0 -g3 -Wall -c -fmessage-length=0 -MMD -MP -MF"main.d" -MT"main.d" -o "main.o" "../main.cpp"
In file included from ../main.cpp:12:0:
../Arbin.h: In instantiation of ‘const T& List<T>::at(unsigned int) const [with T = int]’:
../main.cpp:51:59:   required from here
../Arbin.h:318:16: warning: comparison between signed and unsigned integer expressions [-Wsign-compare]
Finished building: ../main.cpp
 
Building target: eda_siete
Invoking: GCC C++ Linker
g++  -o "eda_siete"  ./main.o   
Finished building target: eda_siete
 
09:54:37 **** Incremental Build of configuration Debug for project eda_siete ****
make all 
make: No se hace nada para `all'.
09:54:45 **** Incremental Build of configuration Debug for project eda_siete ****
make all 
make: No se hace nada para `all'.
09:55:38 **** Incremental Build of configuration Debug for project eda_siete ****
make all 
make: No se hace nada para `all'.
09:56:54 **** Incremental Build of configuration Debug for project eda_siete ****
make all 
make: No se hace nada para `all'.
